#
# There is insufficient memory for the Java Runtime Environment to continue.
# Native memory allocation (malloc) failed to allocate 152016 bytes for Chunk::new
# Possible reasons:
#   The system is out of physical RAM or swap space
#   The process is running with CompressedOops enabled, and the Java Heap may be blocking the growth of the native heap
# Possible solutions:
#   Reduce memory load on the system
#   Increase physical memory or swap space
#   Check if swap backing store is full
#   Decrease Java heap size (-Xmx/-Xms)
#   Decrease number of Java threads
#   Decrease Java thread stack sizes (-Xss)
#   Set larger code cache with -XX:ReservedCodeCacheSize=
#   JVM is running with Unscaled Compressed Oops mode in which the Java heap is
#     placed in the first 4GB address space. The Java Heap base address is the
#     maximum limit for the native heap growth. Please use -XX:HeapBaseMinAddress
#     to set the Java Heap base and to place the Java Heap above 4GB virtual address.
# This output file may be truncated or incomplete.
#
#  Out of Memory Error (./src/hotspot/share/memory/arena.cpp:197), pid=6176, tid=19904
#
# JRE version: OpenJDK Runtime Environment AdoptOpenJDK-11.0.11+9 (11.0.11+9) (build 11.0.11+9)
# Java VM: OpenJDK 64-Bit Server VM AdoptOpenJDK-11.0.11+9 (11.0.11+9, mixed mode, tiered, compressed oops, g1 gc, windows-amd64)
# No core dump will be written. Minidumps are not enabled by default on client versions of Windows
#

---------------  S U M M A R Y ------------

Command Line: -Dorg.gradle.internal.worker.tmpdir=C:\initial\pageObjects\build\tmp\test\work -Dorg.gradle.native=false -Dselenide.headless --add-opens=java.base/java.util=ALL-UNNAMED --add-opens=java.base/java.lang=ALL-UNNAMED -Xmx512m -Dfile.encoding=windows-1251 -Duser.country=RU -Duser.language=ru -Duser.variant -ea worker.org.gradle.process.internal.worker.GradleWorkerMain 'Gradle Test Executor 10'

Host: Intel(R) Pentium(R) Silver N5000 CPU @ 1.10GHz, 4 cores, 3G,  Windows 10 , 64 bit Build 19041 (10.0.19041.1706)
Time: Fri Jun  3 12:54:31 2022 Китайское время (зима) elapsed time: 6.923057 seconds (0d 0h 0m 6s)

---------------  T H R E A D  ---------------

Current thread (0x0000022bf5e23000):  JavaThread "C2 CompilerThread0" daemon [_thread_in_native, id=19904, stack(0x000000753ff00000,0x0000007540000000)]


Current CompileTask:
C2:   6923 2191       4       java.lang.invoke.MethodType::makeImpl (108 bytes)

Stack: [0x000000753ff00000,0x0000007540000000]
Native frames: (J=compiled Java code, j=interpreted, Vv=VM code, C=native code)
V  [jvm.dll+0x5f7e5a]
V  [jvm.dll+0x77ff2e]
V  [jvm.dll+0x7815ff]
V  [jvm.dll+0x781cc3]
V  [jvm.dll+0x247408]
V  [jvm.dll+0xbe69c]
V  [jvm.dll+0xbed9c]
V  [jvm.dll+0x2b6e11]
V  [jvm.dll+0x31995e]
V  [jvm.dll+0x200d85]
V  [jvm.dll+0x1fff6f]
V  [jvm.dll+0x184f1c]
V  [jvm.dll+0x20f3e7]
V  [jvm.dll+0x20d5cb]
V  [jvm.dll+0x7442f9]
V  [jvm.dll+0x73d364]
V  [jvm.dll+0x5f6cd6]
C  [ucrtbase.dll+0x21bb2]
C  [KERNEL32.DLL+0x17034]
C  [ntdll.dll+0x52651]


---------------  P R O C E S S  ---------------

Threads class SMR info:
_java_thread_list=0x0000022bf763b900, length=24, elements={
0x0000022bda70b800, 0x0000022bf5dcb000, 0x0000022bf5dd5000, 0x0000022bf5dc8000,
0x0000022bf5e1f800, 0x0000022bf5e20800, 0x0000022bf5e23000, 0x0000022bf5e30000,
0x0000022bf5fac000, 0x0000022bf60c3800, 0x0000022bf6942000, 0x0000022bf698b000,
0x0000022bf72c4000, 0x0000022bf7e0f000, 0x0000022bf7e10000, 0x0000022bf81b1800,
0x0000022bf7640800, 0x0000022bf7cf0800, 0x0000022bf8250800, 0x0000022bf8207800,
0x0000022bf8205800, 0x0000022bf820a000, 0x0000022bf820b000, 0x0000022bf8208800
}

Java Threads: ( => current thread )
  0x0000022bda70b800 JavaThread "main" [_thread_blocked, id=1120, stack(0x000000753f300000,0x000000753f400000)]
  0x0000022bf5dcb000 JavaThread "Reference Handler" daemon [_thread_blocked, id=13392, stack(0x000000753fa00000,0x000000753fb00000)]
  0x0000022bf5dd5000 JavaThread "Finalizer" daemon [_thread_blocked, id=11164, stack(0x000000753fb00000,0x000000753fc00000)]
  0x0000022bf5dc8000 JavaThread "Signal Dispatcher" daemon [_thread_blocked, id=12016, stack(0x000000753fc00000,0x000000753fd00000)]
  0x0000022bf5e1f800 JavaThread "Attach Listener" daemon [_thread_blocked, id=15396, stack(0x000000753fd00000,0x000000753fe00000)]
  0x0000022bf5e20800 JavaThread "Service Thread" daemon [_thread_blocked, id=21672, stack(0x000000753fe00000,0x000000753ff00000)]
=>0x0000022bf5e23000 JavaThread "C2 CompilerThread0" daemon [_thread_in_native, id=19904, stack(0x000000753ff00000,0x0000007540000000)]
  0x0000022bf5e30000 JavaThread "C1 CompilerThread0" daemon [_thread_blocked, id=10672, stack(0x0000007540000000,0x0000007540100000)]
  0x0000022bf5fac000 JavaThread "Sweeper thread" daemon [_thread_blocked, id=10784, stack(0x0000007540100000,0x0000007540200000)]
  0x0000022bf60c3800 JavaThread "Common-Cleaner" daemon [_thread_blocked, id=7076, stack(0x0000007540200000,0x0000007540300000)]
  0x0000022bf6942000 JavaThread "Forwarding newSession on session null to remote" [_thread_in_vm, id=24512, stack(0x0000007540700000,0x0000007540800000)]
  0x0000022bf698b000 JavaThread "/127.0.0.1:50206 to /127.0.0.1:50205 workers Thread 2" [_thread_blocked, id=5396, stack(0x0000007540800000,0x0000007540900000)]
  0x0000022bf72c4000 JavaThread "/127.0.0.1:50206 to /127.0.0.1:50205 workers Thread 3" [_thread_in_native, id=24192, stack(0x0000007540900000,0x0000007540a00000)]
  0x0000022bf7e0f000 JavaThread "ForkJoinPool.commonPool-worker-3" daemon [_thread_blocked, id=10940, stack(0x0000007540c00000,0x0000007540d00000)]
  0x0000022bf7e10000 JavaThread "AsyncHttpClient-1-1" daemon [_thread_blocked, id=15724, stack(0x0000007540d00000,0x0000007540e00000)]
  0x0000022bf81b1800 JavaThread "ForkJoinPool.commonPool-worker-5" daemon [_thread_blocked, id=24676, stack(0x0000007540e00000,0x0000007540f00000)]
  0x0000022bf7640800 JavaThread "ForkJoinPool.commonPool-worker-7" daemon [_thread_blocked, id=12904, stack(0x0000007540f00000,0x0000007541000000)]
  0x0000022bf7cf0800 JavaThread "Exec Default Executor" daemon [_thread_in_native, id=16796, stack(0x0000007541000000,0x0000007541100000)]
  0x0000022bf8250800 JavaThread "Driver Service Executor" daemon [_thread_blocked, id=17988, stack(0x0000007541100000,0x0000007541200000)]
  0x0000022bf8207800 JavaThread "Driver Service Executor" daemon [_thread_blocked, id=5988, stack(0x0000007541200000,0x0000007541300000)]
  0x0000022bf8205800 JavaThread "UrlChecker-2" daemon [_thread_blocked, id=20284, stack(0x0000007541300000,0x0000007541400000)]
  0x0000022bf820a000 JavaThread "Exec Stream Pumper" daemon [_thread_in_native, id=16020, stack(0x0000007541400000,0x0000007541500000)]
  0x0000022bf820b000 JavaThread "Exec Stream Pumper" daemon [_thread_in_native, id=12716, stack(0x0000007541500000,0x0000007541600000)]
  0x0000022bf8208800 JavaThread "Keep-Alive-Timer" daemon [_thread_blocked, id=12884, stack(0x0000007541600000,0x0000007541700000)]

Other Threads:
  0x0000022bf5d91800 VMThread "VM Thread" [stack: 0x000000753f900000,0x000000753fa00000] [id=17360]
  0x0000022bf60c9000 WatcherThread [stack: 0x0000007540300000,0x0000007540400000] [id=15948]
  0x0000022bda721800 GCTaskThread "GC Thread#0" [stack: 0x000000753f400000,0x000000753f500000] [id=8876]
  0x0000022bf6927000 GCTaskThread "GC Thread#1" [stack: 0x0000007540500000,0x0000007540600000] [id=9364]
  0x0000022bf72c4800 GCTaskThread "GC Thread#2" [stack: 0x0000007540a00000,0x0000007540b00000] [id=13768]
  0x0000022bf72c5800 GCTaskThread "GC Thread#3" [stack: 0x0000007540b00000,0x0000007540c00000] [id=11952]
  0x0000022bda734000 ConcurrentGCThread "G1 Main Marker" [stack: 0x000000753f500000,0x000000753f600000] [id=1960]
  0x0000022bda735800 ConcurrentGCThread "G1 Conc#0" [stack: 0x000000753f600000,0x000000753f700000] [id=21628]
  0x0000022bda78b000 ConcurrentGCThread "G1 Refine#0" [stack: 0x000000753f700000,0x000000753f800000] [id=5404]
  0x0000022bf6133800 ConcurrentGCThread "G1 Refine#1" [stack: 0x0000007540600000,0x0000007540700000] [id=21272]
  0x0000022bda78c000 ConcurrentGCThread "G1 Young RemSet Sampling" [stack: 0x000000753f800000,0x000000753f900000] [id=14908]

Threads with active compile tasks:
C2 CompilerThread0   7096 2191       4       java.lang.invoke.MethodType::makeImpl (108 bytes)
C1 CompilerThread0   7096 2302       3       io.netty.util.AsciiString::c2b (15 bytes)

VM state:not at safepoint (normal execution)

VM Mutex/Monitor currently owned by a thread: None

Heap address: 0x00000000e0000000, size: 512 MB, Compressed Oops mode: 32-bit
Narrow klass base: 0x0000000000000000, Narrow klass shift: 3
Compressed class space size: 1073741824 Address: 0x0000000100000000

Heap:
 garbage-first heap   total 63488K, used 17469K [0x00000000e0000000, 0x0000000100000000)
  region size 1024K, 9 young (9216K), 3 survivors (3072K)
 Metaspace       used 28601K, capacity 29616K, committed 29872K, reserved 1075200K
  class space    used 3386K, capacity 3806K, committed 3840K, reserved 1048576K
Heap Regions: E=young(eden), S=young(survivor), O=old, HS=humongous(starts), HC=humongous(continues), CS=collection set, F=free, A=archive, TAMS=top-at-mark-start (previous, next)
|   0|0x00000000e0000000, 0x00000000e0100000, 0x00000000e0100000|100%| O|  |TAMS 0x00000000e0100000, 0x00000000e0000000| Untracked 
|   1|0x00000000e0100000, 0x00000000e0200000, 0x00000000e0200000|100%| O|  |TAMS 0x00000000e0200000, 0x00000000e0100000| Untracked 
|   2|0x00000000e0200000, 0x00000000e0300000, 0x00000000e0300000|100%| O|  |TAMS 0x00000000e0300000, 0x00000000e0200000| Untracked 
|   3|0x00000000e0300000, 0x00000000e0400000, 0x00000000e0400000|100%| O|  |TAMS 0x00000000e0400000, 0x00000000e0300000| Untracked 
|   4|0x00000000e0400000, 0x00000000e0500000, 0x00000000e0500000|100%| O|  |TAMS 0x00000000e0500000, 0x00000000e0400000| Untracked 
|   5|0x00000000e0500000, 0x00000000e0600000, 0x00000000e0600000|100%| O|  |TAMS 0x00000000e0554600, 0x00000000e0500000| Untracked 
|   6|0x00000000e0600000, 0x00000000e0700000, 0x00000000e0700000|100%| O|  |TAMS 0x00000000e0600000, 0x00000000e0600000| Untracked 
|   7|0x00000000e0700000, 0x00000000e0800000, 0x00000000e0800000|100%| O|  |TAMS 0x00000000e0700000, 0x00000000e0700000| Untracked 
|   8|0x00000000e0800000, 0x00000000e0900000, 0x00000000e0900000|100%| O|  |TAMS 0x00000000e0800000, 0x00000000e0800000| Untracked 
|   9|0x00000000e0900000, 0x00000000e094aa00, 0x00000000e0a00000| 29%| O|  |TAMS 0x00000000e0900000, 0x00000000e0900000| Untracked 
|  10|0x00000000e0a00000, 0x00000000e0a00000, 0x00000000e0b00000|  0%| F|  |TAMS 0x00000000e0a00000, 0x00000000e0a00000| Untracked 
|  11|0x00000000e0b00000, 0x00000000e0b00000, 0x00000000e0c00000|  0%| F|  |TAMS 0x00000000e0b00000, 0x00000000e0b00000| Untracked 
|  12|0x00000000e0c00000, 0x00000000e0c00000, 0x00000000e0d00000|  0%| F|  |TAMS 0x00000000e0c00000, 0x00000000e0c00000| Untracked 
|  13|0x00000000e0d00000, 0x00000000e0d00000, 0x00000000e0e00000|  0%| F|  |TAMS 0x00000000e0d00000, 0x00000000e0d00000| Untracked 
|  14|0x00000000e0e00000, 0x00000000e0e00000, 0x00000000e0f00000|  0%| F|  |TAMS 0x00000000e0e00000, 0x00000000e0e00000| Untracked 
|  15|0x00000000e0f00000, 0x00000000e0f00000, 0x00000000e1000000|  0%| F|  |TAMS 0x00000000e0f00000, 0x00000000e0f00000| Untracked 
|  16|0x00000000e1000000, 0x00000000e1000000, 0x00000000e1100000|  0%| F|  |TAMS 0x00000000e1000000, 0x00000000e1000000| Untracked 
|  17|0x00000000e1100000, 0x00000000e1100000, 0x00000000e1200000|  0%| F|  |TAMS 0x00000000e1100000, 0x00000000e1100000| Untracked 
|  18|0x00000000e1200000, 0x00000000e1200000, 0x00000000e1300000|  0%| F|  |TAMS 0x00000000e1200000, 0x00000000e1200000| Untracked 
|  19|0x00000000e1300000, 0x00000000e1300000, 0x00000000e1400000|  0%| F|  |TAMS 0x00000000e1300000, 0x00000000e1300000| Untracked 
|  20|0x00000000e1400000, 0x00000000e1400000, 0x00000000e1500000|  0%| F|  |TAMS 0x00000000e1400000, 0x00000000e1400000| Untracked 
|  21|0x00000000e1500000, 0x00000000e1500000, 0x00000000e1600000|  0%| F|  |TAMS 0x00000000e1500000, 0x00000000e1500000| Untracked 
|  22|0x00000000e1600000, 0x00000000e1600000, 0x00000000e1700000|  0%| F|  |TAMS 0x00000000e1600000, 0x00000000e1600000| Untracked 
|  23|0x00000000e1700000, 0x00000000e1700000, 0x00000000e1800000|  0%| F|  |TAMS 0x00000000e1700000, 0x00000000e1700000| Untracked 
|  24|0x00000000e1800000, 0x00000000e1800000, 0x00000000e1900000|  0%| F|  |TAMS 0x00000000e1800000, 0x00000000e1800000| Untracked 
|  25|0x00000000e1900000, 0x00000000e1900000, 0x00000000e1a00000|  0%| F|  |TAMS 0x00000000e1900000, 0x00000000e1900000| Untracked 
|  26|0x00000000e1a00000, 0x00000000e1a00000, 0x00000000e1b00000|  0%| F|  |TAMS 0x00000000e1a00000, 0x00000000e1a00000| Untracked 
|  27|0x00000000e1b00000, 0x00000000e1b00000, 0x00000000e1c00000|  0%| F|  |TAMS 0x00000000e1b00000, 0x00000000e1b00000| Untracked 
|  28|0x00000000e1c00000, 0x00000000e1c00000, 0x00000000e1d00000|  0%| F|  |TAMS 0x00000000e1c00000, 0x00000000e1c00000| Untracked 
|  29|0x00000000e1d00000, 0x00000000e1d00000, 0x00000000e1e00000|  0%| F|  |TAMS 0x00000000e1d00000, 0x00000000e1d00000| Untracked 
|  30|0x00000000e1e00000, 0x00000000e1e00000, 0x00000000e1f00000|  0%| F|  |TAMS 0x00000000e1e00000, 0x00000000e1e00000| Untracked 
|  31|0x00000000e1f00000, 0x00000000e1f00000, 0x00000000e2000000|  0%| F|  |TAMS 0x00000000e1f00000, 0x00000000e1f00000| Untracked 
|  32|0x00000000e2000000, 0x00000000e20c4b48, 0x00000000e2100000| 76%| S|CS|TAMS 0x00000000e2000000, 0x00000000e2000000| Complete 
|  33|0x00000000e2100000, 0x00000000e2200000, 0x00000000e2200000|100%| S|CS|TAMS 0x00000000e2100000, 0x00000000e2100000| Complete 
|  34|0x00000000e2200000, 0x00000000e2300000, 0x00000000e2300000|100%| S|CS|TAMS 0x00000000e2200000, 0x00000000e2200000| Complete 
|  35|0x00000000e2300000, 0x00000000e2300000, 0x00000000e2400000|  0%| F|  |TAMS 0x00000000e2300000, 0x00000000e2300000| Untracked 
|  36|0x00000000e2400000, 0x00000000e2400000, 0x00000000e2500000|  0%| F|  |TAMS 0x00000000e2400000, 0x00000000e2400000| Untracked 
|  37|0x00000000e2500000, 0x00000000e2500000, 0x00000000e2600000|  0%| F|  |TAMS 0x00000000e2500000, 0x00000000e2500000| Untracked 
|  38|0x00000000e2600000, 0x00000000e2600000, 0x00000000e2700000|  0%| F|  |TAMS 0x00000000e2600000, 0x00000000e2600000| Untracked 
|  39|0x00000000e2700000, 0x00000000e2700000, 0x00000000e2800000|  0%| F|  |TAMS 0x00000000e2700000, 0x00000000e2700000| Untracked 
|  40|0x00000000e2800000, 0x00000000e2800000, 0x00000000e2900000|  0%| F|  |TAMS 0x00000000e2800000, 0x00000000e2800000| Untracked 
|  41|0x00000000e2900000, 0x00000000e2900000, 0x00000000e2a00000|  0%| F|  |TAMS 0x00000000e2900000, 0x00000000e2900000| Untracked 
|  42|0x00000000e2a00000, 0x00000000e2a00000, 0x00000000e2b00000|  0%| F|  |TAMS 0x00000000e2a00000, 0x00000000e2a00000| Untracked 
|  43|0x00000000e2b00000, 0x00000000e2b00000, 0x00000000e2c00000|  0%| F|  |TAMS 0x00000000e2b00000, 0x00000000e2b00000| Untracked 
|  44|0x00000000e2c00000, 0x00000000e2c00000, 0x00000000e2d00000|  0%| F|  |TAMS 0x00000000e2c00000, 0x00000000e2c00000| Untracked 
|  45|0x00000000e2d00000, 0x00000000e2d00000, 0x00000000e2e00000|  0%| F|  |TAMS 0x00000000e2d00000, 0x00000000e2d00000| Untracked 
|  46|0x00000000e2e00000, 0x00000000e2e00000, 0x00000000e2f00000|  0%| F|  |TAMS 0x00000000e2e00000, 0x00000000e2e00000| Untracked 
|  47|0x00000000e2f00000, 0x00000000e2f00000, 0x00000000e3000000|  0%| F|  |TAMS 0x00000000e2f00000, 0x00000000e2f00000| Untracked 
|  48|0x00000000e3000000, 0x00000000e3000000, 0x00000000e3100000|  0%| F|  |TAMS 0x00000000e3000000, 0x00000000e3000000| Untracked 
|  49|0x00000000e3100000, 0x00000000e3100000, 0x00000000e3200000|  0%| F|  |TAMS 0x00000000e3100000, 0x00000000e3100000| Untracked 
|  50|0x00000000e3200000, 0x00000000e3200000, 0x00000000e3300000|  0%| F|  |TAMS 0x00000000e3200000, 0x00000000e3200000| Untracked 
|  51|0x00000000e3300000, 0x00000000e3300000, 0x00000000e3400000|  0%| F|  |TAMS 0x00000000e3300000, 0x00000000e3300000| Untracked 
|  52|0x00000000e3400000, 0x00000000e3400000, 0x00000000e3500000|  0%| F|  |TAMS 0x00000000e3400000, 0x00000000e3400000| Untracked 
|  53|0x00000000e3500000, 0x00000000e3500000, 0x00000000e3600000|  0%| F|  |TAMS 0x00000000e3500000, 0x00000000e3500000| Untracked 
|  54|0x00000000e3600000, 0x00000000e3600000, 0x00000000e3700000|  0%| F|  |TAMS 0x00000000e3600000, 0x00000000e3600000| Untracked 
|  55|0x00000000e3700000, 0x00000000e3700000, 0x00000000e3800000|  0%| F|  |TAMS 0x00000000e3700000, 0x00000000e3700000| Untracked 
|  56|0x00000000e3800000, 0x00000000e3873dc0, 0x00000000e3900000| 45%| E|  |TAMS 0x00000000e3800000, 0x00000000e3800000| Complete 
|  57|0x00000000e3900000, 0x00000000e3a00000, 0x00000000e3a00000|100%| E|CS|TAMS 0x00000000e3900000, 0x00000000e3900000| Complete 
|  58|0x00000000e3a00000, 0x00000000e3b00000, 0x00000000e3b00000|100%| E|CS|TAMS 0x00000000e3a00000, 0x00000000e3a00000| Complete 
|  59|0x00000000e3b00000, 0x00000000e3c00000, 0x00000000e3c00000|100%| E|CS|TAMS 0x00000000e3b00000, 0x00000000e3b00000| Complete 
|  60|0x00000000e3c00000, 0x00000000e3d00000, 0x00000000e3d00000|100%| E|CS|TAMS 0x00000000e3c00000, 0x00000000e3c00000| Complete 
|  61|0x00000000e3d00000, 0x00000000e3e00000, 0x00000000e3e00000|100%| E|CS|TAMS 0x00000000e3d00000, 0x00000000e3d00000| Complete 

Card table byte_map: [0x0000022bf1e10000,0x0000022bf1f10000] _byte_map_base: 0x0000022bf1710000

Marking Bits (Prev, Next): (CMBitMap*) 0x0000022bda731310, (CMBitMap*) 0x0000022bda7312d8
 Prev Bits: [0x0000022bf2810000, 0x0000022bf3010000)
 Next Bits: [0x0000022bf2010000, 0x0000022bf2810000)

Polling page: 0x0000022bd85e0000

Metaspace:

Usage:
  Non-class:     25.27 MB capacity,    24.66 MB ( 98%) used,   515.91 KB (  2%) free+waste,   103.63 KB ( <1%) overhead. 
      Class:      3.72 MB capacity,     3.31 MB ( 89%) used,   364.55 KB ( 10%) free+waste,    52.13 KB (  1%) overhead. 
       Both:     28.98 MB capacity,    27.97 MB ( 97%) used,   880.47 KB (  3%) free+waste,   155.75 KB ( <1%) overhead. 

Virtual space:
  Non-class space:       26.00 MB reserved,      25.42 MB ( 98%) committed 
      Class space:        1.00 GB reserved,       3.75 MB ( <1%) committed 
             Both:        1.03 GB reserved,      29.17 MB (  3%) committed 

Chunk freelists:
   Non-Class:  30.00 KB
       Class:  2.00 KB
        Both:  32.00 KB

MaxMetaspaceSize: 17179869184.00 GB
CompressedClassSpaceSize: 1.00 GB

CodeHeap 'non-profiled nmethods': size=120064Kb used=861Kb max_used=861Kb free=119202Kb
 bounds [0x0000022bea8d0000, 0x0000022beab40000, 0x0000022bf1e10000]
CodeHeap 'profiled nmethods': size=120000Kb used=4930Kb max_used=4930Kb free=115069Kb
 bounds [0x0000022be33a0000, 0x0000022be3880000, 0x0000022bea8d0000]
CodeHeap 'non-nmethods': size=5696Kb used=1160Kb max_used=1163Kb free=4535Kb
 bounds [0x0000022be2e10000, 0x0000022be3080000, 0x0000022be33a0000]
 total_blobs=2785 nmethods=2276 adapters=421
 compilation: enabled
              stopped_count=0, restarted_count=0
 full_count=0

Compilation events (20 events):
Event: 6.898 Thread 0x0000022bf5e30000 2241       3       java.util.ArrayDeque::elementAt (4 bytes)
Event: 6.899 Thread 0x0000022bf5e30000 nmethod 2241 0x0000022be384ec90 code [0x0000022be384ee40, 0x0000022be384ef58]
Event: 6.902 Thread 0x0000022bf5e30000 2243   !   3       org.openqa.selenium.json.Input::fill (125 bytes)
Event: 6.903 Thread 0x0000022bf5e30000 nmethod 2243 0x0000022be384f010 code [0x0000022be384f220, 0x0000022be384f738]
Event: 6.903 Thread 0x0000022bf5e30000 2244       3       java.util.Spliterators$IteratorSpliterator::tryAdvance (77 bytes)
Event: 6.903 Thread 0x0000022bf5e30000 nmethod 2244 0x0000022be384f990 code [0x0000022be384fbc0, 0x0000022be3850278]
Event: 6.903 Thread 0x0000022bf5e30000 2245       3       org.openqa.selenium.json.Input::peek (24 bytes)
Event: 6.904 Thread 0x0000022bf5e30000 nmethod 2245 0x0000022be3850490 code [0x0000022be3850660, 0x0000022be3850828]
Event: 6.904 Thread 0x0000022bf5e30000 2246       3       org.openqa.selenium.json.Input::read (29 bytes)
Event: 6.904 Thread 0x0000022bf5e30000 nmethod 2246 0x0000022be3850910 code [0x0000022be3850ae0, 0x0000022be3850ca8]
Event: 6.908 Thread 0x0000022bf5e30000 2247       3       java.util.ArrayDeque::add (7 bytes)
Event: 6.909 Thread 0x0000022bf5e30000 nmethod 2247 0x0000022be3850d90 code [0x0000022be3850f40, 0x0000022be38510e8]
Event: 6.909 Thread 0x0000022bf5e30000 2248       3       org.openqa.selenium.json.JsonInput::skipWhitespace (28 bytes)
Event: 6.910 Thread 0x0000022bf5e30000 nmethod 2248 0x0000022be3851190 code [0x0000022be38513e0, 0x0000022be3851b28]
Event: 6.910 Thread 0x0000022bf5e30000 2249       3       java.util.ArrayDeque::peekFirst (12 bytes)
Event: 6.910 Thread 0x0000022bf5e30000 nmethod 2249 0x0000022be3851e90 code [0x0000022be3852040, 0x0000022be38521b8]
Event: 6.910 Thread 0x0000022bf5e30000 2250       3       org.openqa.selenium.json.JsonInput::peek (288 bytes)
Event: 6.912 Thread 0x0000022bf5e30000 nmethod 2250 0x0000022be3852310 code [0x0000022be3852700, 0x0000022be3853fe8]
Event: 6.912 Thread 0x0000022bf5e30000 2251       3       org.openqa.selenium.json.JsonInput::isReadingName (21 bytes)
Event: 6.913 Thread 0x0000022bf5e30000 nmethod 2251 0x0000022be3854890 code [0x0000022be3854a60, 0x0000022be3854c88]

GC Heap History (10 events):
Event: 1.717 GC heap before
{Heap before GC invocations=0 (full 0):
 garbage-first heap   total 63488K, used 13312K [0x00000000e0000000, 0x0000000100000000)
  region size 1024K, 14 young (14336K), 0 survivors (0K)
 Metaspace       used 10939K, capacity 11205K, committed 11520K, reserved 1058816K
  class space    used 1095K, capacity 1175K, committed 1280K, reserved 1048576K
}
Event: 1.735 GC heap after
{Heap after GC invocations=1 (full 0):
 garbage-first heap   total 63488K, used 5278K [0x00000000e0000000, 0x0000000100000000)
  region size 1024K, 2 young (2048K), 2 survivors (2048K)
 Metaspace       used 10939K, capacity 11205K, committed 11520K, reserved 1058816K
  class space    used 1095K, capacity 1175K, committed 1280K, reserved 1048576K
}
Event: 2.402 GC heap before
{Heap before GC invocations=1 (full 0):
 garbage-first heap   total 63488K, used 9374K [0x00000000e0000000, 0x0000000100000000)
  region size 1024K, 6 young (6144K), 2 survivors (2048K)
 Metaspace       used 12513K, capacity 12807K, committed 13056K, reserved 1060864K
  class space    used 1313K, capacity 1412K, committed 1536K, reserved 1048576K
}
Event: 2.450 GC heap after
{Heap after GC invocations=2 (full 0):
 garbage-first heap   total 63488K, used 5624K [0x00000000e0000000, 0x0000000100000000)
  region size 1024K, 1 young (1024K), 1 survivors (1024K)
 Metaspace       used 12513K, capacity 12807K, committed 13056K, reserved 1060864K
  class space    used 1313K, capacity 1412K, committed 1536K, reserved 1048576K
}
Event: 3.536 GC heap before
{Heap before GC invocations=2 (full 0):
 garbage-first heap   total 63488K, used 24056K [0x00000000e0000000, 0x0000000100000000)
  region size 1024K, 20 young (20480K), 1 survivors (1024K)
 Metaspace       used 16208K, capacity 16898K, committed 17024K, reserved 1064960K
  class space    used 1851K, capacity 2088K, committed 2176K, reserved 1048576K
}
Event: 3.539 GC heap after
{Heap after GC invocations=3 (full 0):
 garbage-first heap   total 63488K, used 6456K [0x00000000e0000000, 0x0000000100000000)
  region size 1024K, 2 young (2048K), 2 survivors (2048K)
 Metaspace       used 16208K, capacity 16898K, committed 17024K, reserved 1064960K
  class space    used 1851K, capacity 2088K, committed 2176K, reserved 1048576K
}
Event: 4.822 GC heap before
{Heap before GC invocations=3 (full 0):
 garbage-first heap   total 63488K, used 28984K [0x00000000e0000000, 0x0000000100000000)
  region size 1024K, 26 young (26624K), 2 survivors (2048K)
 Metaspace       used 20470K, capacity 21140K, committed 21296K, reserved 1069056K
  class space    used 2322K, capacity 2607K, committed 2688K, reserved 1048576K
}
Event: 4.835 GC heap after
{Heap after GC invocations=4 (full 0):
 garbage-first heap   total 63488K, used 9553K [0x00000000e0000000, 0x0000000100000000)
  region size 1024K, 4 young (4096K), 4 survivors (4096K)
 Metaspace       used 20470K, capacity 21140K, committed 21296K, reserved 1069056K
  class space    used 2322K, capacity 2607K, committed 2688K, reserved 1048576K
}
Event: 5.564 GC heap before
{Heap before GC invocations=5 (full 0):
 garbage-first heap   total 63488K, used 37201K [0x00000000e0000000, 0x0000000100000000)
  region size 1024K, 31 young (31744K), 4 survivors (4096K)
 Metaspace       used 23027K, capacity 23815K, committed 23984K, reserved 1071104K
  class space    used 2645K, capacity 2969K, committed 3072K, reserved 1048576K
}
Event: 5.573 GC heap after
{Heap after GC invocations=6 (full 0):
 garbage-first heap   total 63488K, used 11331K [0x00000000e0000000, 0x0000000100000000)
  region size 1024K, 2 young (2048K), 2 survivors (2048K)
 Metaspace       used 23027K, capacity 23815K, committed 23984K, reserved 1071104K
  class space    used 2645K, capacity 2969K, committed 3072K, reserved 1048576K
}

Deoptimization events (20 events):
Event: 5.348 Thread 0x0000022bf6942000 DEOPT PACKING pc=0x0000022bea983dec sp=0x00000075407f8fc0
Event: 5.348 Thread 0x0000022bf6942000 DEOPT UNPACKING pc=0x0000022be2e362a9 sp=0x00000075407f8f50 mode 2
Event: 5.384 Thread 0x0000022bf6942000 DEOPT PACKING pc=0x0000022be369cff8 sp=0x00000075407f91e0
Event: 5.384 Thread 0x0000022bf6942000 DEOPT UNPACKING pc=0x0000022be2e366bf sp=0x00000075407f86e8 mode 0
Event: 5.387 Thread 0x0000022bf6942000 DEOPT PACKING pc=0x0000022be3771777 sp=0x00000075407f73e0
Event: 5.387 Thread 0x0000022bf6942000 DEOPT UNPACKING pc=0x0000022be2e366bf sp=0x00000075407f68e0 mode 0
Event: 5.919 Thread 0x0000022bf6942000 DEOPT PACKING pc=0x0000022be3771777 sp=0x00000075407f90b0
Event: 5.919 Thread 0x0000022bf6942000 DEOPT UNPACKING pc=0x0000022be2e366bf sp=0x00000075407f85b0 mode 0
Event: 6.185 Thread 0x0000022bf6942000 Uncommon trap: trap_request=0xffffff4d fr.pc=0x0000022bea937fe4 relative=0x0000000000000584
Event: 6.185 Thread 0x0000022bf6942000 Uncommon trap: reason=unstable_if action=reinterpret pc=0x0000022bea937fe4 method=java.lang.String.replace(CC)Ljava/lang/String; @ 2 c2
Event: 6.185 Thread 0x0000022bf6942000 DEOPT PACKING pc=0x0000022bea937fe4 sp=0x00000075407fa500
Event: 6.185 Thread 0x0000022bf6942000 DEOPT UNPACKING pc=0x0000022be2e362a9 sp=0x00000075407fa4c0 mode 2
Event: 6.248 Thread 0x0000022bf7cf0800 Uncommon trap: trap_request=0xffffff4d fr.pc=0x0000022bea93c8ac relative=0x00000000000006cc
Event: 6.248 Thread 0x0000022bf7cf0800 Uncommon trap: reason=unstable_if action=reinterpret pc=0x0000022bea93c8ac method=jdk.internal.org.objectweb.asm.Type.getArgumentsAndReturnSizes(Ljava/lang/String;)I @ 136 c2
Event: 6.248 Thread 0x0000022bf7cf0800 DEOPT PACKING pc=0x0000022bea93c8ac sp=0x00000075410fd7e0
Event: 6.248 Thread 0x0000022bf7cf0800 DEOPT UNPACKING pc=0x0000022be2e362a9 sp=0x00000075410fd768 mode 2
Event: 6.778 Thread 0x0000022bf6942000 Uncommon trap: trap_request=0xffffff4d fr.pc=0x0000022bea9856b0 relative=0x0000000000000090
Event: 6.778 Thread 0x0000022bf6942000 Uncommon trap: reason=unstable_if action=reinterpret pc=0x0000022bea9856b0 method=sun.reflect.generics.parser.SignatureParser.current()C @ 39 c2
Event: 6.778 Thread 0x0000022bf6942000 DEOPT PACKING pc=0x0000022bea9856b0 sp=0x00000075407f9980
Event: 6.778 Thread 0x0000022bf6942000 DEOPT UNPACKING pc=0x0000022be2e362a9 sp=0x00000075407f9918 mode 2

Classes redefined (0 events):
No events

Internal exceptions (20 events):
Event: 5.018 Thread 0x0000022bf6942000 Exception <a 'java/lang/NoSuchMethodError'{0x00000000e34b6e10}: 'void java.lang.invoke.DirectMethodHandle$Holder.invokeVirtual(java.lang.Object, java.lang.Object)'> (0x00000000e34b6e10) thrown at [./src/hotspot/share/interpreter/linkResolver.cpp, line 773]
Event: 5.019 Thread 0x0000022bf6942000 Exception <a 'java/lang/NoSuchMethodError'{0x00000000e34bf2a8}: 'int java.lang.invoke.DirectMethodHandle$Holder.invokeStatic(java.lang.Object, java.lang.Object, int, java.lang.Object)'> (0x00000000e34bf2a8) thrown at [./src/hotspot/share/interpreter/linkResolver.cpp, line 773]
Event: 5.020 Thread 0x0000022bf6942000 Exception <a 'java/lang/NoSuchMethodError'{0x00000000e34c5d50}: 'java.lang.Object java.lang.invoke.Invokers$Holder.linkToTargetMethod(java.lang.Object, int, java.lang.Object)'> (0x00000000e34c5d50) thrown at [./src/hotspot/share/interpreter/linkResolver.cpp, line 773]
Event: 5.021 Thread 0x0000022bf6942000 Exception <a 'java/lang/IncompatibleClassChangeError'{0x00000000e34c8dc8}: Found class java.lang.Object, but interface was expected> (0x00000000e34c8dc8) thrown at [./src/hotspot/share/interpreter/linkResolver.cpp, line 839]
Event: 5.083 Thread 0x0000022bf6942000 Exception <a 'java/lang/NoSuchMethodError'{0x00000000e3358850}: 'java.lang.Object java.lang.invoke.DirectMethodHandle$Holder.invokeInterface(java.lang.Object, java.lang.Object, java.lang.Object, java.lang.Object)'> (0x00000000e3358850) thrown at [./src/hotspot/share/interpreter/linkResolver.cpp, line 773]
Event: 5.086 Thread 0x0000022bf6942000 Exception <a 'java/lang/NoSuchMethodError'{0x00000000e33642f0}: 'java.lang.Object java.lang.invoke.DirectMethodHandle$Holder.invokeVirtual(java.lang.Object, java.lang.Object, java.lang.Object, java.lang.Object)'> (0x00000000e33642f0) thrown at [./src/hotspot/share/interpreter/linkResolver.cpp, line 773]
Event: 5.438 Thread 0x0000022bf6942000 Exception <a 'java/lang/NoClassDefFoundError'{0x00000000e2966c70}> (0x00000000e2966c70) thrown at [./src/hotspot/share/oops/instanceKlass.cpp, line 1029]
Event: 5.440 Thread 0x0000022bf6942000 Exception <a 'java/lang/NoClassDefFoundError'{0x00000000e2991498}: org/apache/logging/log4j/spi/ExtendedLoggerWrapper> (0x00000000e2991498) thrown at [./src/hotspot/share/classfile/systemDictionary.cpp, line 220]
Event: 5.443 Thread 0x0000022bf6942000 Exception <a 'java/lang/NoClassDefFoundError'{0x00000000e29b9720}: org/apache/log4j/Priority> (0x00000000e29b9720) thrown at [./src/hotspot/share/classfile/systemDictionary.cpp, line 220]
Event: 6.018 Thread 0x0000022bf6942000 Exception <a 'java/lang/IncompatibleClassChangeError'{0x00000000e2dc4548}: Found class java.lang.Object, but interface was expected> (0x00000000e2dc4548) thrown at [./src/hotspot/share/interpreter/linkResolver.cpp, line 839]
Event: 6.248 Thread 0x0000022bf7cf0800 Exception <a 'java/lang/NoSuchMethodError'{0x00000000e29fe660}: 'void java.lang.invoke.DirectMethodHandle$Holder.invokeStatic(java.lang.Object, long)'> (0x00000000e29fe660) thrown at [./src/hotspot/share/interpreter/linkResolver.cpp, line 773]
Event: 6.249 Thread 0x0000022bf7cf0800 Exception <a 'java/lang/NoSuchMethodError'{0x00000000e28602f8}: 'java.lang.Object java.lang.invoke.DirectMethodHandle$Holder.invokeStatic(java.lang.Object, long)'> (0x00000000e28602f8) thrown at [./src/hotspot/share/interpreter/linkResolver.cpp, line 773]
Event: 6.257 Thread 0x0000022bf7cf0800 Exception <a 'java/lang/NoSuchMethodError'{0x00000000e286e090}: 'java.lang.Object java.lang.invoke.DirectMethodHandle$Holder.invokeStaticInit(java.lang.Object, java.lang.Object, long, java.lang.Object)'> (0x00000000e286e090) thrown at [./src/hotspot/share/interpreter/linkResolver.cpp, line 773]
Event: 6.261 Thread 0x0000022bf7cf0800 Exception <a 'java/lang/NoSuchMethodError'{0x00000000e2873af8}: 'java.lang.Object java.lang.invoke.DirectMethodHandle$Holder.invokeStatic(java.lang.Object, java.lang.Object, long)'> (0x00000000e2873af8) thrown at [./src/hotspot/share/interpreter/linkResolver.cpp, line 773]
Event: 6.263 Thread 0x0000022bf7cf0800 Exception <a 'java/lang/NoSuchMethodError'{0x00000000e2879dc8}: 'java.lang.Object java.lang.invoke.Invokers$Holder.linkToTargetMethod(java.lang.Object, long, java.lang.Object)'> (0x00000000e2879dc8) thrown at [./src/hotspot/share/interpreter/linkResolver.cpp, line 773]
Event: 6.720 Thread 0x0000022bf8205800 Exception <a 'java/net/SocketTimeoutException'{0x00000000e2836fc0}: connect timed out> (0x00000000e2836fc0) thrown at [./src/hotspot/share/prims/jni.cpp, line 636]
Event: 6.790 Thread 0x0000022bf6942000 Exception <a 'java/lang/NoSuchMethodError'{0x00000000e26178c0}: 'double java.lang.invoke.DirectMethodHandle$Holder.invokeVirtual(java.lang.Object, java.lang.Object)'> (0x00000000e26178c0) thrown at [./src/hotspot/share/interpreter/linkResolver.cpp, line 773]
Event: 6.791 Thread 0x0000022bf6942000 Exception <a 'java/lang/NoSuchMethodError'{0x00000000e261de78}: 'float java.lang.invoke.DirectMethodHandle$Holder.invokeVirtual(java.lang.Object, java.lang.Object)'> (0x00000000e261de78) thrown at [./src/hotspot/share/interpreter/linkResolver.cpp, line 773]
Event: 6.793 Thread 0x0000022bf6942000 Exception <a 'java/lang/NoSuchMethodError'{0x00000000e2626bd0}: 'long java.lang.invoke.DirectMethodHandle$Holder.invokeVirtual(java.lang.Object, java.lang.Object)'> (0x00000000e2626bd0) thrown at [./src/hotspot/share/interpreter/linkResolver.cpp, line 773]
Event: 6.855 Thread 0x0000022bf6942000 Exception <a 'java/lang/NoSuchMethodError'{0x00000000e25e9780}: 'void java.lang.invoke.DirectMethodHandle$Holder.invokeStatic(java.lang.Object, java.lang.Object, int)'> (0x00000000e25e9780) thrown at [./src/hotspot/share/interpreter/linkResolver.cpp, line 773]

Events (20 events):
Event: 6.903 loading class org/openqa/selenium/json/JsonInput
Event: 6.903 loading class org/openqa/selenium/json/JsonInput done
Event: 6.903 loading class org/openqa/selenium/json/CollectionCoercer
Event: 6.903 loading class org/openqa/selenium/json/CollectionCoercer done
Event: 6.904 loading class org/openqa/selenium/json/JsonInput
Event: 6.904 loading class org/openqa/selenium/json/JsonInput done
Event: 6.904 loading class org/openqa/selenium/json/JsonInput
Event: 6.904 loading class org/openqa/selenium/json/JsonInput done
Event: 6.904 loading class org/openqa/selenium/json/NumberCoercer
Event: 6.904 loading class org/openqa/selenium/json/NumberCoercer done
Event: 6.904 loading class org/openqa/selenium/json/NumberCoercer$1
Event: 6.904 loading class org/openqa/selenium/json/NumberCoercer$1 done
Event: 6.906 loading class java/math/BigDecimal$1
Event: 6.906 loading class java/math/BigDecimal$1 done
Event: 6.906 loading class java/math/MathContext
Event: 6.907 loading class java/math/MathContext done
Event: 6.908 loading class org/openqa/selenium/json/JsonInput$1
Event: 6.908 loading class org/openqa/selenium/json/JsonInput$1 done
Event: 6.913 loading class com/google/common/collect/IndexedImmutableSet$1
Event: 6.913 loading class com/google/common/collect/IndexedImmutableSet$1 done


Dynamic libraries:
0x00007ff66ae70000 - 0x00007ff66ae7d000 	C:\Program Files\AdoptOpenJDK\jdk-11.0.11.9-hotspot\bin\java.exe
0x00007ff938c70000 - 0x00007ff938e65000 	C:\WINDOWS\SYSTEM32\ntdll.dll
0x00007ff91b9d0000 - 0x00007ff91b9e6000 	C:\Program Files\AVAST Software\Avast\aswhook.dll
0x00007ff938950000 - 0x00007ff938a0d000 	C:\WINDOWS\System32\KERNEL32.DLL
0x00007ff936900000 - 0x00007ff936bcd000 	C:\WINDOWS\System32\KERNELBASE.dll
0x00007ff936380000 - 0x00007ff936480000 	C:\WINDOWS\System32\ucrtbase.dll
0x00007ff91eb70000 - 0x00007ff91eb85000 	C:\Program Files\AdoptOpenJDK\jdk-11.0.11.9-hotspot\bin\VCRUNTIME140.dll
0x00007ff91eb50000 - 0x00007ff91eb67000 	C:\Program Files\AdoptOpenJDK\jdk-11.0.11.9-hotspot\bin\jli.dll
0x00007ff937470000 - 0x00007ff937610000 	C:\WINDOWS\System32\USER32.dll
0x00007ff936c90000 - 0x00007ff936cb2000 	C:\WINDOWS\System32\win32u.dll
0x00007ff936cc0000 - 0x00007ff936cea000 	C:\WINDOWS\System32\GDI32.dll
0x00007ff9367f0000 - 0x00007ff9368fb000 	C:\WINDOWS\System32\gdi32full.dll
0x00007ff9364d0000 - 0x00007ff93656d000 	C:\WINDOWS\System32\msvcp_win.dll
0x00007ff90dd00000 - 0x00007ff90df9a000 	C:\WINDOWS\WinSxS\amd64_microsoft.windows.common-controls_6595b64144ccf1df_6.0.19041.1110_none_60b5254171f9507e\COMCTL32.dll
0x00007ff937610000 - 0x00007ff9376ae000 	C:\WINDOWS\System32\msvcrt.dll
0x00007ff938770000 - 0x00007ff9387a0000 	C:\WINDOWS\System32\IMM32.DLL
0x00007ff90b630000 - 0x00007ff90b6cb000 	C:\Program Files\AdoptOpenJDK\jdk-11.0.11.9-hotspot\bin\msvcp140.dll
0x00007ff8fc800000 - 0x00007ff8fd34b000 	C:\Program Files\AdoptOpenJDK\jdk-11.0.11.9-hotspot\bin\server\jvm.dll
0x00007ff938a10000 - 0x00007ff938abe000 	C:\WINDOWS\System32\ADVAPI32.dll
0x00007ff938ac0000 - 0x00007ff938b5c000 	C:\WINDOWS\System32\sechost.dll
0x00007ff9381c0000 - 0x00007ff9382e5000 	C:\WINDOWS\System32\RPCRT4.dll
0x00007ff937770000 - 0x00007ff937778000 	C:\WINDOWS\System32\PSAPI.DLL
0x00007ff9276d0000 - 0x00007ff9276d9000 	C:\WINDOWS\SYSTEM32\WSOCK32.dll
0x00007ff916ac0000 - 0x00007ff916ae7000 	C:\WINDOWS\SYSTEM32\WINMM.dll
0x00007ff92e6b0000 - 0x00007ff92e6ba000 	C:\WINDOWS\SYSTEM32\VERSION.dll
0x00007ff937f30000 - 0x00007ff937f9b000 	C:\WINDOWS\System32\WS2_32.dll
0x00007ff934c10000 - 0x00007ff934c22000 	C:\WINDOWS\SYSTEM32\kernel.appcore.dll
0x00007ff930a80000 - 0x00007ff930a90000 	C:\Program Files\AdoptOpenJDK\jdk-11.0.11.9-hotspot\bin\verify.dll
0x00007ff934180000 - 0x00007ff934364000 	C:\WINDOWS\SYSTEM32\DBGHELP.DLL
0x00007ff92dc60000 - 0x00007ff92dc8c000 	C:\WINDOWS\SYSTEM32\dbgcore.DLL
0x00007ff936bd0000 - 0x00007ff936c52000 	C:\WINDOWS\System32\bcryptPrimitives.dll
0x00007ff91c6a0000 - 0x00007ff91c6c8000 	C:\Program Files\AdoptOpenJDK\jdk-11.0.11.9-hotspot\bin\java.dll
0x00007ff92e7e0000 - 0x00007ff92e7ea000 	C:\Program Files\AdoptOpenJDK\jdk-11.0.11.9-hotspot\bin\jimage.dll
0x00007ff91e760000 - 0x00007ff91e777000 	C:\Program Files\AdoptOpenJDK\jdk-11.0.11.9-hotspot\bin\zip.dll
0x00007ff9377e0000 - 0x00007ff937f24000 	C:\WINDOWS\System32\SHELL32.dll
0x00007ff934370000 - 0x00007ff934b04000 	C:\WINDOWS\SYSTEM32\windows.storage.dll
0x00007ff937110000 - 0x00007ff937464000 	C:\WINDOWS\System32\combase.dll
0x00007ff935d10000 - 0x00007ff935d3c000 	C:\WINDOWS\SYSTEM32\Wldp.dll
0x00007ff937fa0000 - 0x00007ff93804d000 	C:\WINDOWS\System32\SHCORE.dll
0x00007ff9387a0000 - 0x00007ff9387f5000 	C:\WINDOWS\System32\shlwapi.dll
0x00007ff9362c0000 - 0x00007ff9362df000 	C:\WINDOWS\SYSTEM32\profapi.dll
0x00007ff91c230000 - 0x00007ff91c249000 	C:\Program Files\AdoptOpenJDK\jdk-11.0.11.9-hotspot\bin\net.dll
0x00007ff930070000 - 0x00007ff93017a000 	C:\WINDOWS\SYSTEM32\WINHTTP.dll
0x00007ff935a70000 - 0x00007ff935ada000 	C:\WINDOWS\system32\mswsock.dll
0x00007ff91bfd0000 - 0x00007ff91bfe2000 	C:\Program Files\AdoptOpenJDK\jdk-11.0.11.9-hotspot\bin\nio.dll
0x00007ff935c60000 - 0x00007ff935c78000 	C:\WINDOWS\SYSTEM32\CRYPTSP.dll
0x00007ff9353f0000 - 0x00007ff935424000 	C:\WINDOWS\system32\rsaenh.dll
0x00007ff936c60000 - 0x00007ff936c87000 	C:\WINDOWS\System32\bcrypt.dll
0x00007ff936240000 - 0x00007ff93626e000 	C:\WINDOWS\SYSTEM32\USERENV.dll
0x00007ff935c80000 - 0x00007ff935c8c000 	C:\WINDOWS\SYSTEM32\CRYPTBASE.dll
0x00007ff935760000 - 0x00007ff93579b000 	C:\WINDOWS\SYSTEM32\IPHLPAPI.DLL
0x00007ff938940000 - 0x00007ff938948000 	C:\WINDOWS\System32\NSI.dll
0x00007ff92e610000 - 0x00007ff92e627000 	C:\WINDOWS\SYSTEM32\dhcpcsvc6.DLL
0x00007ff92f3c0000 - 0x00007ff92f3dd000 	C:\WINDOWS\SYSTEM32\dhcpcsvc.DLL
0x00007ff9357a0000 - 0x00007ff93586b000 	C:\WINDOWS\SYSTEM32\DNSAPI.dll
0x00007ff923cd0000 - 0x00007ff923ce7000 	C:\WINDOWS\system32\napinsp.dll
0x00007ff923cb0000 - 0x00007ff923ccb000 	C:\WINDOWS\system32\pnrpnsp.dll
0x00007ff923c90000 - 0x00007ff923ca5000 	C:\WINDOWS\system32\wshbth.dll
0x00007ff931600000 - 0x00007ff93161d000 	C:\WINDOWS\system32\NLAapi.dll
0x00007ff9232d0000 - 0x00007ff9232e2000 	C:\WINDOWS\System32\winrnr.dll
0x00007ff928060000 - 0x00007ff92806a000 	C:\Windows\System32\rasadhlp.dll
0x00007ff9280a0000 - 0x00007ff928120000 	C:\WINDOWS\System32\fwpuclnt.dll
0x00007ff92ca10000 - 0x00007ff92ca19000 	C:\Program Files\AdoptOpenJDK\jdk-11.0.11.9-hotspot\bin\management.dll
0x00007ff923d00000 - 0x00007ff923d0b000 	C:\Program Files\AdoptOpenJDK\jdk-11.0.11.9-hotspot\bin\management_ext.dll
0x00007ff918930000 - 0x00007ff918955000 	C:\Program Files\AdoptOpenJDK\jdk-11.0.11.9-hotspot\bin\sunec.dll

dbghelp: loaded successfully - version: 4.0.5 - missing functions: none
symbol engine: initialized successfully - sym options: 0x614 - pdb path: .;C:\Program Files\AdoptOpenJDK\jdk-11.0.11.9-hotspot\bin;C:\WINDOWS\SYSTEM32;C:\Program Files\AVAST Software\Avast;C:\WINDOWS\WinSxS\amd64_microsoft.windows.common-controls_6595b64144ccf1df_6.0.19041.1110_none_60b5254171f9507e;C:\Program Files\AdoptOpenJDK\jdk-11.0.11.9-hotspot\bin\server

VM Arguments:
jvm_args: -Dorg.gradle.internal.worker.tmpdir=C:\initial\pageObjects\build\tmp\test\work -Dorg.gradle.native=false -Dselenide.headless --add-opens=java.base/java.util=ALL-UNNAMED --add-opens=java.base/java.lang=ALL-UNNAMED -Xmx512m -Dfile.encoding=windows-1251 -Duser.country=RU -Duser.language=ru -Duser.variant -ea 
java_command: worker.org.gradle.process.internal.worker.GradleWorkerMain 'Gradle Test Executor 10'
java_class_path (initial): C:\\Users\\Олеся\\.gradle\\caches\\7.1\\workerMain\\gradle-worker.jar;C:\\initial\\pageObjects\\build\\classes\\java\\test;C:\\initial\\pageObjects\\build\\resources\\test;C:\\initial\\pageObjects\\build\\classes\\java\\main;C:\\initial\\pageObjects\\build\\resources\\main;C:\\Users\\Олеся\\.gradle\\caches\\modules-2\\files-2.1\\org.junit.jupiter\\junit-jupiter-params\\5.8.1\\13afdb5d414cbe991fce3ef6b864de77c9644dae\\junit-jupiter-params-5.8.1.jar;C:\\Users\\Олеся\\.gradle\\caches\\modules-2\\files-2.1\\org.junit.jupiter\\junit-jupiter-engine\\5.8.1\\21b86e08aae2720bbf017703669948be96d1388c\\junit-jupiter-engine-5.8.1.jar;C:\\Users\\Олеся\\.gradle\\caches\\modules-2\\files-2.1\\org.junit.jupiter\\junit-jupiter-api\\5.8.1\\6538b88eb8bf8811bc7b6efb5246f835c15e0bfe\\junit-jupiter-api-5.8.1.jar;C:\\Users\\Олеся\\.gradle\\caches\\modules-2\\files-2.1\\org.junit.platform\\junit-platform-engine\\1.8.1\\e6c63bf990dc88a6527b4ed617b23e47048f07e0\\junit-platform-engine-1.8.1.jar;C:\\Users\\Олеся\\.gradle\\caches\\modules-2\\files-2.1\\org.junit.platform\\junit-platform-commons\\1.8.1\\1e362cbe6d0f225b066757865e233972557484\\junit-platform-commons-1.8.1.jar;C:\\Users\\Олеся\\.gradle\\caches\\modules-2\\files-2.1\\org.junit.jupiter\\junit-jupiter\\5.8.1\\73a218cf02d36d4e87bb9697fdbe0780e92b6bd3\\junit-jupiter-5.8.1.jar;C:\\Users\\Олеся\\.gradle\\caches\\modules-2\\files-2.1\\com.codeborne\\selenide\\6.3.4\\cf79470596d18e595eeb68010174d4392496c23b\\selenide-6.3.4.jar;C:\\Users\\Олеся\\.gradle\\caches\\modules-2\\files-2.1\\com.codeborne\\selenide-core\\6.3.4\\3d2080671e8c4499862d0e8f8b6e2f3cfe97adc4\\selenide-core-6.3.4.jar;C:\\Users\\Олеся\\.gradle\\caches\\modules-2\\files-2.1\\org.seleniumhq.selenium\\selenium-java\\4.1.2\\d1ff6102a8b23729b967406ea85f40fea5a2e970\\selenium-java-4.1.2.jar;C:\\Users\\Олеся\\.gradle\\caches\\modules-2\\files-2.1\\org.seleniumhq.selenium\\selenium-chrome-driver\\4.1.2\\41e1678afb58fe057fd8929b4bbf6af4604df211\\selenium
Launcher Type: SUN_STANDARD

[Global flags]
     intx CICompilerCount                          = 3                                         {product} {ergonomic}
     uint ConcGCThreads                            = 1                                         {product} {ergonomic}
     uint G1ConcRefinementThreads                  = 4                                         {product} {ergonomic}
   size_t G1HeapRegionSize                         = 1048576                                   {product} {ergonomic}
    uintx GCDrainStackTargetSize                   = 64                                        {product} {ergonomic}
   size_t InitialHeapSize                          = 65011712                                  {product} {ergonomic}
   size_t MarkStackSize                            = 4194304                                   {product} {ergonomic}
   size_t MaxHeapSize                              = 536870912                                 {product} {command line}
   size_t MaxNewSize                               = 321912832                                 {product} {ergonomic}
   size_t MinHeapDeltaBytes                        = 1048576                                   {product} {ergonomic}
    uintx NonNMethodCodeHeapSize                   = 5830732                                {pd product} {ergonomic}
    uintx NonProfiledCodeHeapSize                  = 122913754                              {pd product} {ergonomic}
    uintx ProfiledCodeHeapSize                     = 122913754                              {pd product} {ergonomic}
    uintx ReservedCodeCacheSize                    = 251658240                              {pd product} {ergonomic}
     bool SegmentedCodeCache                       = true                                      {product} {ergonomic}
     bool UseCompressedClassPointers               = true                                 {lp64_product} {ergonomic}
     bool UseCompressedOops                        = true                                 {lp64_product} {ergonomic}
     bool UseG1GC                                  = true                                      {product} {ergonomic}
     bool UseLargePagesIndividualAllocation        = false                                  {pd product} {ergonomic}

Logging:
Log output configuration:
 #0: stdout all=warning uptime,level,tags
 #1: stderr all=off uptime,level,tags

Environment Variables:
PATH=C:\Program Files\AdoptOpenJDK\jdk-11.0.11.9-hotspot\bin;C:\Program Files (x86)\Intel\TXE Components\iCLS\;C:\Program Files\Intel\TXE Components\iCLS\;C:\WINDOWS\system32;C:\WINDOWS;C:\WINDOWS\System32\Wbem;C:\WINDOWS\System32\WindowsPowerShell\v1.0\;C:\Program Files\Intel\TXE Components\DAL\;C:\Program Files (x86)\Intel\TXE Components\DAL\;C:\Program Files\Intel\TXE Components\IPT\;C:\Program Files (x86)\Intel\TXE Components\IPT\;C:\WINDOWS\System32\OpenSSH\;C:\Program Files\Git\cmd;C:\Users\Олеся\AppData\Local\Microsoft\WindowsApps;C:\Users\Олеся\AppData\Local\atom\bin
USERNAME=Олеся
OS=Windows_NT
PROCESSOR_IDENTIFIER=Intel64 Family 6 Model 122 Stepping 1, GenuineIntel



---------------  S Y S T E M  ---------------

OS: Windows 10 , 64 bit Build 19041 (10.0.19041.1706)
OS uptime: 9 days 15:02 hours

CPU:total 4 (initial active 4) (4 cores per cpu, 1 threads per core) family 6 model 122 stepping 1 microcode 0x2e, cmov, cx8, fxsr, mmx, sse, sse2, sse3, ssse3, sse4.1, sse4.2, popcnt, aes, clmul, erms, 3dnowpref, tsc, tscinvbit, sha

Memory: 4k page, system-wide physical 3918M (282M free)
TotalPageFile size 15694M (AvailPageFile size 4M)
current process WorkingSet (physical memory assigned to process): 125M, peak: 125M
current process commit charge ("private bytes"): 179M, peak: 179M

vm_info: OpenJDK 64-Bit Server VM (11.0.11+9) for windows-amd64 JRE (11.0.11+9), built on Apr 20 2021 21:22:09 by "" with MS VC++ 15.9 (VS2017)

END.
