#
# There is insufficient memory for the Java Runtime Environment to continue.
# Native memory allocation (malloc) failed to allocate 32744 bytes for ChunkPool::allocate
# Possible reasons:
#   The system is out of physical RAM or swap space
#   The process is running with CompressedOops enabled, and the Java Heap may be blocking the growth of the native heap
# Possible solutions:
#   Reduce memory load on the system
#   Increase physical memory or swap space
#   Check if swap backing store is full
#   Decrease Java heap size (-Xmx/-Xms)
#   Decrease number of Java threads
#   Decrease Java thread stack sizes (-Xss)
#   Set larger code cache with -XX:ReservedCodeCacheSize=
#   JVM is running with Unscaled Compressed Oops mode in which the Java heap is
#     placed in the first 4GB address space. The Java Heap base address is the
#     maximum limit for the native heap growth. Please use -XX:HeapBaseMinAddress
#     to set the Java Heap base and to place the Java Heap above 4GB virtual address.
# This output file may be truncated or incomplete.
#
#  Out of Memory Error (./src/hotspot/share/memory/arena.cpp:81), pid=16844, tid=15388
#
# JRE version: OpenJDK Runtime Environment AdoptOpenJDK-11.0.11+9 (11.0.11+9) (build 11.0.11+9)
# Java VM: OpenJDK 64-Bit Server VM AdoptOpenJDK-11.0.11+9 (11.0.11+9, mixed mode, tiered, compressed oops, g1 gc, windows-amd64)
# No core dump will be written. Minidumps are not enabled by default on client versions of Windows
#

---------------  S U M M A R Y ------------

Command Line: ./artifacts/app-ibank-build-for-testers.jar

Host: Intel(R) Pentium(R) Silver N5000 CPU @ 1.10GHz, 4 cores, 3G,  Windows 10 , 64 bit Build 19041 (10.0.19041.1706)
Time: Fri Jun  3 13:10:29 2022 Китайское время (зима) elapsed time: 53.968724 seconds (0d 0h 0m 53s)

---------------  T H R E A D  ---------------

Current thread (0x00000148bf20c000):  JavaThread "DefaultDispatcher-worker-2" daemon [_thread_in_vm, id=15388, stack(0x000000440e400000,0x000000440e500000)]

Stack: [0x000000440e400000,0x000000440e500000]
Native frames: (J=compiled Java code, j=interpreted, Vv=VM code, C=native code)
V  [jvm.dll+0x5f7e5a]
V  [jvm.dll+0x77ff2e]
V  [jvm.dll+0x7815ff]
V  [jvm.dll+0x781cc3]
V  [jvm.dll+0x247408]
V  [jvm.dll+0xbea3b]
V  [jvm.dll+0xbed9c]
V  [jvm.dll+0x6c7ab6]
V  [jvm.dll+0x770698]
V  [jvm.dll+0x7740e7]
V  [jvm.dll+0x76e00c]
V  [jvm.dll+0x3586b2]
V  [jvm.dll+0x3578aa]
V  [jvm.dll+0x357848]
V  [jvm.dll+0x4ed332]
V  [jvm.dll+0x4ec344]
V  [jvm.dll+0x36a198]
V  [jvm.dll+0x369894]
C  0x00000148aa99d30b

Java frames: (J=compiled Java code, j=interpreted, Vv=VM code)
j  kotlinx.coroutines.channels.ChannelsKt.receiveOrNull(Lkotlinx/coroutines/channels/ReceiveChannel;Lkotlin/coroutines/Continuation;)Ljava/lang/Object;+2
j  io.ktor.http.cio.PipelineKt$startConnectionPipeline$1$outputsActor$1$receiveChildOrNull$1.invokeSuspend(Ljava/lang/Object;)Ljava/lang/Object;+64
j  io.ktor.http.cio.PipelineKt$startConnectionPipeline$1$outputsActor$1$receiveChildOrNull$1.invoke(Ljava/lang/Object;Ljava/lang/Object;)Ljava/lang/Object;+15
j  io.ktor.http.cio.internals.WeakTimeoutQueue.withTimeout(Lkotlin/jvm/functions/Function2;Lkotlin/coroutines/Continuation;)Ljava/lang/Object;+105
j  io.ktor.http.cio.PipelineKt$startConnectionPipeline$1$outputsActor$1.invokeSuspend(Ljava/lang/Object;)Ljava/lang/Object;+91
j  io.ktor.http.cio.PipelineKt$startConnectionPipeline$1$outputsActor$1.invoke(Ljava/lang/Object;Ljava/lang/Object;)Ljava/lang/Object;+15
j  kotlinx.coroutines.intrinsics.UndispatchedKt.startCoroutineUndispatched(Lkotlin/jvm/functions/Function2;Ljava/lang/Object;Lkotlin/coroutines/Continuation;)V+84
j  kotlinx.coroutines.CoroutineStart.invoke(Lkotlin/jvm/functions/Function2;Ljava/lang/Object;Lkotlin/coroutines/Continuation;)V+73
j  kotlinx.coroutines.AbstractCoroutine.start(Lkotlinx/coroutines/CoroutineStart;Ljava/lang/Object;Lkotlin/jvm/functions/Function2;)V+23
j  kotlinx.coroutines.channels.ActorKt.actor(Lkotlinx/coroutines/CoroutineScope;Lkotlin/coroutines/CoroutineContext;ILkotlinx/coroutines/CoroutineStart;Lkotlin/jvm/functions/Function1;Lkotlin/jvm/functions/Function2;)Lkotlinx/coroutines/channels/SendChannel;+98
j  kotlinx.coroutines.channels.ActorKt.actor$default(Lkotlinx/coroutines/CoroutineScope;Lkotlin/coroutines/CoroutineContext;ILkotlinx/coroutines/CoroutineStart;Lkotlin/jvm/functions/Function1;Lkotlin/jvm/functions/Function2;ILjava/lang/Object;)Lkotlinx/coroutines/channels/SendChannel;+56
j  io.ktor.http.cio.PipelineKt$startConnectionPipeline$1.invokeSuspend(Ljava/lang/Object;)Ljava/lang/Object;+92
j  kotlin.coroutines.jvm.internal.BaseContinuationImpl.resumeWith(Ljava/lang/Object;)V+49
j  kotlinx.coroutines.DispatchedTask.run()V+302
j  kotlinx.coroutines.scheduling.CoroutineScheduler.runSafely(Lkotlinx/coroutines/scheduling/Task;)V+2
J 1415% c1 kotlinx.coroutines.scheduling.CoroutineScheduler$Worker.run()V (107 bytes) @ 0x00000148ab17dc9c [0x00000148ab17d780+0x000000000000051c]
v  ~StubRoutines::call_stub

---------------  P R O C E S S  ---------------

Threads class SMR info:
_java_thread_list=0x00000148c0b0ff80, length=16, elements={
0x00000148a226b800, 0x00000148bea88800, 0x00000148bea89800, 0x00000148beaea000,
0x00000148beaeb000, 0x00000148beaec000, 0x00000148beaf0800, 0x00000148bec68800,
0x00000148bec84000, 0x00000148bed88800, 0x00000148bf029800, 0x00000148bf20c000,
0x00000148bf20c800, 0x00000148bf7da000, 0x00000148bf6e0800, 0x00000148bf6d2000
}

Java Threads: ( => current thread )
  0x00000148a226b800 JavaThread "main" [_thread_blocked, id=4812, stack(0x000000440d100000,0x000000440d200000)]
  0x00000148bea88800 JavaThread "Reference Handler" daemon [_thread_blocked, id=11804, stack(0x000000440d800000,0x000000440d900000)]
  0x00000148bea89800 JavaThread "Finalizer" daemon [_thread_blocked, id=15216, stack(0x000000440d900000,0x000000440da00000)]
  0x00000148beaea000 JavaThread "Signal Dispatcher" daemon [_thread_blocked, id=22752, stack(0x000000440da00000,0x000000440db00000)]
  0x00000148beaeb000 JavaThread "Attach Listener" daemon [_thread_blocked, id=22792, stack(0x000000440db00000,0x000000440dc00000)]
  0x00000148beaec000 JavaThread "Service Thread" daemon [_thread_blocked, id=22012, stack(0x000000440dc00000,0x000000440dd00000)]
  0x00000148beaf0800 JavaThread "C2 CompilerThread0" daemon [_thread_in_native, id=756, stack(0x000000440dd00000,0x000000440de00000)]
  0x00000148bec68800 JavaThread "C1 CompilerThread0" daemon [_thread_blocked, id=20296, stack(0x000000440de00000,0x000000440df00000)]
  0x00000148bec84000 JavaThread "Sweeper thread" daemon [_thread_blocked, id=11364, stack(0x000000440df00000,0x000000440e000000)]
  0x00000148bed88800 JavaThread "Common-Cleaner" daemon [_thread_blocked, id=16684, stack(0x000000440e100000,0x000000440e200000)]
  0x00000148bf029800 JavaThread "DefaultDispatcher-worker-1" daemon [_thread_blocked, id=15036, stack(0x000000440e300000,0x000000440e400000)]
=>0x00000148bf20c000 JavaThread "DefaultDispatcher-worker-2" daemon [_thread_in_vm, id=15388, stack(0x000000440e400000,0x000000440e500000)]
  0x00000148bf20c800 JavaThread "DefaultDispatcher-worker-3" daemon [_thread_blocked, id=24252, stack(0x000000440e500000,0x000000440e600000)]
  0x00000148bf7da000 JavaThread "DefaultDispatcher-worker-4" daemon [_thread_blocked, id=9060, stack(0x000000440e600000,0x000000440e700000)]
  0x00000148bf6e0800 JavaThread "DefaultDispatcher-worker-5" daemon [_thread_in_native, id=24792, stack(0x000000440e700000,0x000000440e800000)]
  0x00000148bf6d2000 JavaThread "DefaultDispatcher-worker-6" daemon [_thread_blocked, id=25560, stack(0x000000440e800000,0x000000440e900000)]

Other Threads:
  0x00000148bea61800 VMThread "VM Thread" [stack: 0x000000440d700000,0x000000440d800000] [id=25076]
  0x00000148bed83800 WatcherThread [stack: 0x000000440e000000,0x000000440e100000] [id=12608]
  0x00000148a2286000 GCTaskThread "GC Thread#0" [stack: 0x000000440d200000,0x000000440d300000] [id=11492]
  0x00000148bf2c9000 GCTaskThread "GC Thread#1" [stack: 0x000000440e200000,0x000000440e300000] [id=9016]
  0x00000148a22a1000 ConcurrentGCThread "G1 Main Marker" [stack: 0x000000440d300000,0x000000440d400000] [id=4388]
  0x00000148a22a2800 ConcurrentGCThread "G1 Conc#0" [stack: 0x000000440d400000,0x000000440d500000] [id=22000]
  0x00000148a22eb000 ConcurrentGCThread "G1 Refine#0" [stack: 0x000000440d500000,0x000000440d600000] [id=20320]
  0x00000148a22ec000 ConcurrentGCThread "G1 Young RemSet Sampling" [stack: 0x000000440d600000,0x000000440d700000] [id=22764]

Threads with active compile tasks:
C2 CompilerThread0  54141 1423   !   4       jdk.internal.loader.BuiltinClassLoader::loadClassOrNull (143 bytes)

VM state:not at safepoint (normal execution)

VM Mutex/Monitor currently owned by a thread: None

Heap address: 0x00000000c2c00000, size: 980 MB, Compressed Oops mode: 32-bit
Narrow klass base: 0x0000000000000000, Narrow klass shift: 3
Compressed class space size: 1073741824 Address: 0x0000000100000000

Heap:
 garbage-first heap   total 63488K, used 23668K [0x00000000c2c00000, 0x0000000100000000)
  region size 1024K, 23 young (23552K), 4 survivors (4096K)
 Metaspace       used 27325K, capacity 27551K, committed 27824K, reserved 1075200K
  class space    used 2936K, capacity 3031K, committed 3072K, reserved 1048576K
Heap Regions: E=young(eden), S=young(survivor), O=old, HS=humongous(starts), HC=humongous(continues), CS=collection set, F=free, A=archive, TAMS=top-at-mark-start (previous, next)
|   0|0x00000000c2c00000, 0x00000000c2c00000, 0x00000000c2d00000|  0%| F|  |TAMS 0x00000000c2c00000, 0x00000000c2c00000| Untracked 
|   1|0x00000000c2d00000, 0x00000000c2d00000, 0x00000000c2e00000|  0%| F|  |TAMS 0x00000000c2d00000, 0x00000000c2d00000| Untracked 
|   2|0x00000000c2e00000, 0x00000000c2f00000, 0x00000000c2f00000|100%|HS|  |TAMS 0x00000000c2f00000, 0x00000000c2e00000| Complete 
|   3|0x00000000c2f00000, 0x00000000c3000000, 0x00000000c3000000|100%|HC|  |TAMS 0x00000000c3000000, 0x00000000c2f00000| Complete 
|   4|0x00000000c3000000, 0x00000000c3073e00, 0x00000000c3100000| 45%| O|  |TAMS 0x00000000c3073e00, 0x00000000c3000000| Untracked 
|   5|0x00000000c3100000, 0x00000000c3100000, 0x00000000c3200000|  0%| F|  |TAMS 0x00000000c3100000, 0x00000000c3100000| Untracked 
|   6|0x00000000c3200000, 0x00000000c3200000, 0x00000000c3300000|  0%| F|  |TAMS 0x00000000c3200000, 0x00000000c3200000| Untracked 
|   7|0x00000000c3300000, 0x00000000c3300000, 0x00000000c3400000|  0%| F|  |TAMS 0x00000000c3300000, 0x00000000c3300000| Untracked 
|   8|0x00000000c3400000, 0x00000000c3400000, 0x00000000c3500000|  0%| F|  |TAMS 0x00000000c3400000, 0x00000000c3400000| Untracked 
|   9|0x00000000c3500000, 0x00000000c3500000, 0x00000000c3600000|  0%| F|  |TAMS 0x00000000c3500000, 0x00000000c3500000| Untracked 
|  10|0x00000000c3600000, 0x00000000c3600000, 0x00000000c3700000|  0%| F|  |TAMS 0x00000000c3600000, 0x00000000c3600000| Untracked 
|  11|0x00000000c3700000, 0x00000000c3700000, 0x00000000c3800000|  0%| F|  |TAMS 0x00000000c3700000, 0x00000000c3700000| Untracked 
|  12|0x00000000c3800000, 0x00000000c3800000, 0x00000000c3900000|  0%| F|  |TAMS 0x00000000c3800000, 0x00000000c3800000| Untracked 
|  13|0x00000000c3900000, 0x00000000c3900000, 0x00000000c3a00000|  0%| F|  |TAMS 0x00000000c3900000, 0x00000000c3900000| Untracked 
|  14|0x00000000c3a00000, 0x00000000c3a00000, 0x00000000c3b00000|  0%| F|  |TAMS 0x00000000c3a00000, 0x00000000c3a00000| Untracked 
|  15|0x00000000c3b00000, 0x00000000c3b00000, 0x00000000c3c00000|  0%| F|  |TAMS 0x00000000c3b00000, 0x00000000c3b00000| Untracked 
|  16|0x00000000c3c00000, 0x00000000c3c00000, 0x00000000c3d00000|  0%| F|  |TAMS 0x00000000c3c00000, 0x00000000c3c00000| Untracked 
|  17|0x00000000c3d00000, 0x00000000c3d00000, 0x00000000c3e00000|  0%| F|  |TAMS 0x00000000c3d00000, 0x00000000c3d00000| Untracked 
|  18|0x00000000c3e00000, 0x00000000c3e00000, 0x00000000c3f00000|  0%| F|  |TAMS 0x00000000c3e00000, 0x00000000c3e00000| Untracked 
|  19|0x00000000c3f00000, 0x00000000c3f00000, 0x00000000c4000000|  0%| F|  |TAMS 0x00000000c3f00000, 0x00000000c3f00000| Untracked 
|  20|0x00000000c4000000, 0x00000000c4000000, 0x00000000c4100000|  0%| F|  |TAMS 0x00000000c4000000, 0x00000000c4000000| Untracked 
|  21|0x00000000c4100000, 0x00000000c4100000, 0x00000000c4200000|  0%| F|  |TAMS 0x00000000c4100000, 0x00000000c4100000| Untracked 
|  22|0x00000000c4200000, 0x00000000c4200000, 0x00000000c4300000|  0%| F|  |TAMS 0x00000000c4200000, 0x00000000c4200000| Untracked 
|  23|0x00000000c4300000, 0x00000000c4300000, 0x00000000c4400000|  0%| F|  |TAMS 0x00000000c4300000, 0x00000000c4300000| Untracked 
|  24|0x00000000c4400000, 0x00000000c4400000, 0x00000000c4500000|  0%| F|  |TAMS 0x00000000c4400000, 0x00000000c4400000| Untracked 
|  25|0x00000000c4500000, 0x00000000c4500000, 0x00000000c4600000|  0%| F|  |TAMS 0x00000000c4500000, 0x00000000c4500000| Untracked 
|  26|0x00000000c4600000, 0x00000000c4600000, 0x00000000c4700000|  0%| F|  |TAMS 0x00000000c4600000, 0x00000000c4600000| Untracked 
|  27|0x00000000c4700000, 0x00000000c4700000, 0x00000000c4800000|  0%| F|  |TAMS 0x00000000c4700000, 0x00000000c4700000| Untracked 
|  28|0x00000000c4800000, 0x00000000c4800000, 0x00000000c4900000|  0%| F|  |TAMS 0x00000000c4800000, 0x00000000c4800000| Untracked 
|  29|0x00000000c4900000, 0x00000000c4900000, 0x00000000c4a00000|  0%| F|  |TAMS 0x00000000c4900000, 0x00000000c4900000| Untracked 
|  30|0x00000000c4a00000, 0x00000000c4a00000, 0x00000000c4b00000|  0%| F|  |TAMS 0x00000000c4a00000, 0x00000000c4a00000| Untracked 
|  31|0x00000000c4b00000, 0x00000000c4ba9580, 0x00000000c4c00000| 66%| S|CS|TAMS 0x00000000c4b00000, 0x00000000c4b00000| Complete 
|  32|0x00000000c4c00000, 0x00000000c4d00000, 0x00000000c4d00000|100%| S|CS|TAMS 0x00000000c4c00000, 0x00000000c4c00000| Complete 
|  33|0x00000000c4d00000, 0x00000000c4e00000, 0x00000000c4e00000|100%| S|CS|TAMS 0x00000000c4d00000, 0x00000000c4d00000| Complete 
|  34|0x00000000c4e00000, 0x00000000c4f00000, 0x00000000c4f00000|100%| S|CS|TAMS 0x00000000c4e00000, 0x00000000c4e00000| Complete 
|  35|0x00000000c4f00000, 0x00000000c4f00000, 0x00000000c5000000|  0%| F|  |TAMS 0x00000000c4f00000, 0x00000000c4f00000| Untracked 
|  36|0x00000000c5000000, 0x00000000c5000000, 0x00000000c5100000|  0%| F|  |TAMS 0x00000000c5000000, 0x00000000c5000000| Untracked 
|  37|0x00000000c5100000, 0x00000000c5100000, 0x00000000c5200000|  0%| F|  |TAMS 0x00000000c5100000, 0x00000000c5100000| Untracked 
|  38|0x00000000c5200000, 0x00000000c5200000, 0x00000000c5300000|  0%| F|  |TAMS 0x00000000c5200000, 0x00000000c5200000| Untracked 
|  39|0x00000000c5300000, 0x00000000c5300000, 0x00000000c5400000|  0%| F|  |TAMS 0x00000000c5300000, 0x00000000c5300000| Untracked 
|  40|0x00000000c5400000, 0x00000000c5400000, 0x00000000c5500000|  0%| F|  |TAMS 0x00000000c5400000, 0x00000000c5400000| Untracked 
|  41|0x00000000c5500000, 0x00000000c5500000, 0x00000000c5600000|  0%| F|  |TAMS 0x00000000c5500000, 0x00000000c5500000| Untracked 
|  42|0x00000000c5600000, 0x00000000c5600000, 0x00000000c5700000|  0%| F|  |TAMS 0x00000000c5600000, 0x00000000c5600000| Untracked 
|  43|0x00000000c5700000, 0x00000000c5754970, 0x00000000c5800000| 33%| E|  |TAMS 0x00000000c5700000, 0x00000000c5700000| Complete 
|  44|0x00000000c5800000, 0x00000000c58f4158, 0x00000000c5900000| 95%| E|  |TAMS 0x00000000c5800000, 0x00000000c5800000| Complete 
|  45|0x00000000c5900000, 0x00000000c5a00000, 0x00000000c5a00000|100%| E|CS|TAMS 0x00000000c5900000, 0x00000000c5900000| Complete 
|  46|0x00000000c5a00000, 0x00000000c5b00000, 0x00000000c5b00000|100%| E|CS|TAMS 0x00000000c5a00000, 0x00000000c5a00000| Complete 
|  47|0x00000000c5b00000, 0x00000000c5c00000, 0x00000000c5c00000|100%| E|CS|TAMS 0x00000000c5b00000, 0x00000000c5b00000| Complete 
|  48|0x00000000c5c00000, 0x00000000c5d00000, 0x00000000c5d00000|100%| E|CS|TAMS 0x00000000c5c00000, 0x00000000c5c00000| Complete 
|  49|0x00000000c5d00000, 0x00000000c5e00000, 0x00000000c5e00000|100%| E|CS|TAMS 0x00000000c5d00000, 0x00000000c5d00000| Complete 
|  50|0x00000000c5e00000, 0x00000000c5f00000, 0x00000000c5f00000|100%| E|CS|TAMS 0x00000000c5e00000, 0x00000000c5e00000| Complete 
|  51|0x00000000c5f00000, 0x00000000c6000000, 0x00000000c6000000|100%| E|CS|TAMS 0x00000000c5f00000, 0x00000000c5f00000| Complete 
|  52|0x00000000c6000000, 0x00000000c6100000, 0x00000000c6100000|100%| E|CS|TAMS 0x00000000c6000000, 0x00000000c6000000| Complete 
|  53|0x00000000c6100000, 0x00000000c6200000, 0x00000000c6200000|100%| E|CS|TAMS 0x00000000c6100000, 0x00000000c6100000| Complete 
|  54|0x00000000c6200000, 0x00000000c6300000, 0x00000000c6300000|100%| E|CS|TAMS 0x00000000c6200000, 0x00000000c6200000| Complete 
|  55|0x00000000c6300000, 0x00000000c6400000, 0x00000000c6400000|100%| E|CS|TAMS 0x00000000c6300000, 0x00000000c6300000| Complete 
|  56|0x00000000c6400000, 0x00000000c6500000, 0x00000000c6500000|100%| E|CS|TAMS 0x00000000c6400000, 0x00000000c6400000| Complete 
|  57|0x00000000c6500000, 0x00000000c6600000, 0x00000000c6600000|100%| E|CS|TAMS 0x00000000c6500000, 0x00000000c6500000| Complete 
|  58|0x00000000c6600000, 0x00000000c6700000, 0x00000000c6700000|100%| E|CS|TAMS 0x00000000c6600000, 0x00000000c6600000| Complete 
|  59|0x00000000c6700000, 0x00000000c6800000, 0x00000000c6800000|100%| E|CS|TAMS 0x00000000c6700000, 0x00000000c6700000| Complete 
|  60|0x00000000c6800000, 0x00000000c6900000, 0x00000000c6900000|100%| E|CS|TAMS 0x00000000c6800000, 0x00000000c6800000| Complete 
|  61|0x00000000c6900000, 0x00000000c6a00000, 0x00000000c6a00000|100%| E|CS|TAMS 0x00000000c6900000, 0x00000000c6900000| Complete 

Card table byte_map: [0x00000148b9b70000,0x00000148b9d60000] _byte_map_base: 0x00000148b955a000

Marking Bits (Prev, Next): (CMBitMap*) 0x00000148a229c820, (CMBitMap*) 0x00000148a229c7e8
 Prev Bits: [0x00000148baea0000, 0x00000148bbdf0000)
 Next Bits: [0x00000148b9f50000, 0x00000148baea0000)

Polling page: 0x00000148a00c0000

Metaspace:

Usage:
  Non-class:     23.95 MB capacity,    23.82 MB (>99%) used,   100.51 KB ( <1%) free+waste,    30.44 KB ( <1%) overhead. 
      Class:      2.96 MB capacity,     2.87 MB ( 97%) used,    83.18 KB (  3%) free+waste,    11.69 KB ( <1%) overhead. 
       Both:     26.91 MB capacity,    26.68 MB (>99%) used,   183.69 KB ( <1%) free+waste,    42.13 KB ( <1%) overhead. 

Virtual space:
  Non-class space:       26.00 MB reserved,      24.17 MB ( 93%) committed 
      Class space:        1.00 GB reserved,       3.00 MB ( <1%) committed 
             Both:        1.03 GB reserved,      27.17 MB (  3%) committed 

Chunk freelists:
   Non-Class:  40.00 KB
       Class:  9.00 KB
        Both:  49.00 KB

MaxMetaspaceSize: 17179869184.00 GB
CompressedClassSpaceSize: 1.00 GB

CodeHeap 'non-profiled nmethods': size=120064Kb used=460Kb max_used=460Kb free=119603Kb
 bounds [0x00000148b2440000, 0x00000148b26b0000, 0x00000148b9980000]
CodeHeap 'profiled nmethods': size=120000Kb used=2495Kb max_used=2495Kb free=117504Kb
 bounds [0x00000148aaf10000, 0x00000148ab180000, 0x00000148b2440000]
CodeHeap 'non-nmethods': size=5696Kb used=1126Kb max_used=1143Kb free=4569Kb
 bounds [0x00000148aa980000, 0x00000148aabf0000, 0x00000148aaf10000]
 total_blobs=1888 nmethods=1423 adapters=378
 compilation: enabled
              stopped_count=0, restarted_count=0
 full_count=0

Compilation events (20 events):
Event: 51.357 Thread 0x00000148bec68800 nmethod 1411 0x00000148ab17a690 code [0x00000148ab17a960, 0x00000148ab17bae8]
Event: 51.357 Thread 0x00000148bec68800 1412       3       java.lang.invoke.VarHandleObjects$Array::getVolatile (41 bytes)
Event: 51.358 Thread 0x00000148bec68800 nmethod 1412 0x00000148ab17c110 code [0x00000148ab17c360, 0x00000148ab17cd48]
Event: 51.359 Thread 0x00000148bec68800 1413       3       kotlinx.coroutines.scheduling.Task::getMode (10 bytes)
Event: 51.359 Thread 0x00000148bec68800 nmethod 1413 0x00000148ab17d090 code [0x00000148ab17d240, 0x00000148ab17d408]
Event: 51.389 Thread 0x00000148bec68800 1415 %     3       kotlinx.coroutines.scheduling.CoroutineScheduler$Worker::run @ 2 (107 bytes)
Event: 51.393 Thread 0x00000148bec68800 nmethod 1415% 0x00000148ab17d510 code [0x00000148ab17d780, 0x00000148ab17df88]
Event: 51.403 Thread 0x00000148bec68800 1416       3       kotlinx.coroutines.scheduling.CoroutineScheduler$Worker::run (107 bytes)
Event: 51.404 Thread 0x00000148bec68800 nmethod 1416 0x00000148ab17e310 code [0x00000148ab17e580, 0x00000148ab17ed28]
Event: 53.666 Thread 0x00000148bec68800 1418       1       java.lang.reflect.Field::getName (5 bytes)
Event: 53.666 Thread 0x00000148bec68800 nmethod 1418 0x00000148b24b2690 code [0x00000148b24b2840, 0x00000148b24b28f8]
Event: 53.807 Thread 0x00000148beaf0800 1420       4       java.util.Arrays$ArrayItr::hasNext (18 bytes)
Event: 53.807 Thread 0x00000148bec68800 1422       3       java.util.Arrays$ArrayList::iterator (12 bytes)
Event: 53.808 Thread 0x00000148bec68800 nmethod 1422 0x00000148ab17f090 code [0x00000148ab17f260, 0x00000148ab17f4d8]
Event: 53.808 Thread 0x00000148beaf0800 nmethod 1420 0x00000148b24b2b90 code [0x00000148b24b2d20, 0x00000148b24b2d98]
Event: 53.808 Thread 0x00000148beaf0800 1421       4       java.util.Arrays$ArrayItr::next (36 bytes)
Event: 53.809 Thread 0x00000148beaf0800 nmethod 1421 0x00000148b24b2e10 code [0x00000148b24b2fa0, 0x00000148b24b3058]
Event: 53.822 Thread 0x00000148beaf0800 1423   !   4       jdk.internal.loader.BuiltinClassLoader::loadClassOrNull (143 bytes)
Event: 53.862 Thread 0x00000148bec68800 1424       3       kotlin.coroutines.CombinedContext::fold (28 bytes)
Event: 53.863 Thread 0x00000148bec68800 nmethod 1424 0x00000148ab17f610 code [0x00000148ab17f800, 0x00000148ab17fb88]

GC Heap History (4 events):
Event: 1.421 GC heap before
{Heap before GC invocations=0 (full 0):
 garbage-first heap   total 63488K, used 18432K [0x00000000c2c00000, 0x0000000100000000)
  region size 1024K, 14 young (14336K), 0 survivors (0K)
 Metaspace       used 13206K, capacity 13459K, committed 13824K, reserved 1060864K
  class space    used 1349K, capacity 1418K, committed 1536K, reserved 1048576K
}
Event: 1.437 GC heap after
{Heap after GC invocations=1 (full 0):
 garbage-first heap   total 63488K, used 4559K [0x00000000c2c00000, 0x0000000100000000)
  region size 1024K, 2 young (2048K), 2 survivors (2048K)
 Metaspace       used 13206K, capacity 13459K, committed 13824K, reserved 1060864K
  class space    used 1349K, capacity 1418K, committed 1536K, reserved 1048576K
}
Event: 2.724 GC heap before
{Heap before GC invocations=1 (full 0):
 garbage-first heap   total 63488K, used 29135K [0x00000000c2c00000, 0x0000000100000000)
  region size 1024K, 27 young (27648K), 2 survivors (2048K)
 Metaspace       used 20955K, capacity 21153K, committed 21296K, reserved 1069056K
  class space    used 2251K, capacity 2345K, committed 2432K, reserved 1048576K
}
Event: 2.738 GC heap after
{Heap after GC invocations=2 (full 0):
 garbage-first heap   total 63488K, used 6260K [0x00000000c2c00000, 0x0000000100000000)
  region size 1024K, 4 young (4096K), 4 survivors (4096K)
 Metaspace       used 20955K, capacity 21153K, committed 21296K, reserved 1069056K
  class space    used 2251K, capacity 2345K, committed 2432K, reserved 1048576K
}

Deoptimization events (20 events):
Event: 3.813 Thread 0x00000148bf7da000 Uncommon trap: trap_request=0xffffff4d fr.pc=0x00000148b24a8660 relative=0x00000000000000c0
Event: 3.813 Thread 0x00000148bf7da000 Uncommon trap: reason=unstable_if action=reinterpret pc=0x00000148b24a8660 method=kotlinx.coroutines.scheduling.WorkQueue.poll()Lkotlinx/coroutines/scheduling/Task; @ 38 c2
Event: 3.813 Thread 0x00000148bf7da000 DEOPT PACKING pc=0x00000148b24a8660 sp=0x000000440e6ff680
Event: 3.813 Thread 0x00000148bf7da000 DEOPT UNPACKING pc=0x00000148aa9a62a9 sp=0x000000440e6ff600 mode 2
Event: 7.976 Thread 0x00000148bf20c800 Uncommon trap: trap_request=0xffffff4d fr.pc=0x00000148b24a8a34 relative=0x00000000000000d4
Event: 7.976 Thread 0x00000148bf20c000 Uncommon trap: trap_request=0xffffff4d fr.pc=0x00000148b24a8a34 relative=0x00000000000000d4
Event: 7.976 Thread 0x00000148bf20c800 Uncommon trap: reason=unstable_if action=reinterpret pc=0x00000148b24a8a34 method=kotlinx.coroutines.scheduling.CoroutineScheduler$Worker.cpuWorkerIdle()V @ 39 c2
Event: 7.976 Thread 0x00000148bf20c000 Uncommon trap: reason=unstable_if action=reinterpret pc=0x00000148b24a8a34 method=kotlinx.coroutines.scheduling.CoroutineScheduler$Worker.cpuWorkerIdle()V @ 39 c2
Event: 7.976 Thread 0x00000148bf20c800 DEOPT PACKING pc=0x00000148b24a8a34 sp=0x000000440e5ff2e0
Event: 7.976 Thread 0x00000148bf20c000 DEOPT PACKING pc=0x00000148b24a8a34 sp=0x000000440e4ff290
Event: 7.976 Thread 0x00000148bf20c800 DEOPT UNPACKING pc=0x00000148aa9a62a9 sp=0x000000440e5ff270 mode 2
Event: 7.976 Thread 0x00000148bf20c000 DEOPT UNPACKING pc=0x00000148aa9a62a9 sp=0x000000440e4ff220 mode 2
Event: 9.397 Thread 0x00000148bf6e0800 Uncommon trap: trap_request=0xfffffff4 fr.pc=0x00000148b24ab9bc relative=0x00000000000009fc
Event: 9.397 Thread 0x00000148bf6e0800 Uncommon trap: reason=null_check action=make_not_entrant pc=0x00000148b24ab9bc method=kotlinx.coroutines.scheduling.WorkQueue.trySteal(Lkotlinx/coroutines/scheduling/WorkQueue;Lkotlinx/coroutines/scheduling/GlobalQueue;)Z @ 124 c2
Event: 9.397 Thread 0x00000148bf6e0800 DEOPT PACKING pc=0x00000148b24ab9bc sp=0x000000440e7ff400
Event: 9.397 Thread 0x00000148bf6e0800 DEOPT UNPACKING pc=0x00000148aa9a62a9 sp=0x000000440e7ff1f8 mode 2
Event: 53.511 Thread 0x00000148bf7da000 Uncommon trap: trap_request=0xffffffde fr.pc=0x00000148b24ae160 relative=0x00000000000009a0
Event: 53.512 Thread 0x00000148bf7da000 Uncommon trap: reason=class_check action=maybe_recompile pc=0x00000148b24ae160 method=kotlinx.coroutines.scheduling.WorkQueue.poll()Lkotlinx/coroutines/scheduling/Task; @ 9 c2
Event: 53.512 Thread 0x00000148bf7da000 DEOPT PACKING pc=0x00000148b24ae160 sp=0x000000440e6ff6f0
Event: 53.512 Thread 0x00000148bf7da000 DEOPT UNPACKING pc=0x00000148aa9a62a9 sp=0x000000440e6ff5c8 mode 2

Classes redefined (0 events):
No events

Internal exceptions (15 events):
Event: 0.812 Thread 0x00000148a226b800 Exception <a 'java/lang/ClassNotFoundException'{0x00000000c632ef30}: javax/smartcardio/CardPermission> (0x00000000c632ef30) thrown at [./src/hotspot/share/classfile/systemDictionary.cpp, line 231]
Event: 0.824 Thread 0x00000148a226b800 Exception <a 'java/io/FileNotFoundException'{0x00000000c634b028}> (0x00000000c634b028) thrown at [./src/hotspot/share/prims/jni.cpp, line 615]
Event: 0.913 Thread 0x00000148a226b800 Exception <a 'java/lang/NoSuchMethodError'{0x00000000c62824d0}: 'java.lang.Object java.lang.invoke.DirectMethodHandle$Holder.invokeStatic(java.lang.Object, java.lang.Object, java.lang.Object, java.lang.Object, java.lang.Object, java.lang.Object, java.lang.Object, java.lang.Object, java.lang.Object, java.lang.Object, java.lang.Object, java.lang.Object, java.lang.Object, java.lang.Object, java.lang.Object)'> (0x00000000c62824d0) thrown at [./src/hotspot/share/interpreter/linkResolver.cpp, line 773]
Event: 0.917 Thread 0x00000148a226b800 Exception <a 'java/lang/NoSuchMethodError'{0x00000000c6290458}: 'java.lang.Object java.lang.invoke.DirectMethodHandle$Holder.invokeStatic(java.lang.Object, java.lang.Object, java.lang.Object, java.lang.Object, java.lang.Object, java.lang.Object, java.lang.Object, java.lang.Object, java.lang.Object, java.lang.Object, java.lang.Object, java.lang.Object, java.lang.Object, java.lang.Object, java.lang.Object, java.lang.Object)'> (0x00000000c6290458) thrown at [./src/hotspot/share/interpreter/linkResolver.cpp, l
Event: 0.923 Thread 0x00000148a226b800 Exception <a 'java/lang/NoSuchMethodError'{0x00000000c629f860}: 'java.lang.Object java.lang.invoke.DirectMethodHandle$Holder.invokeSpecial(java.lang.Object, java.lang.Object, int, int, java.lang.Object, java.lang.Object, java.lang.Object)'> (0x00000000c629f860) thrown at [./src/hotspot/share/interpreter/linkResolver.cpp, line 773]
Event: 0.924 Thread 0x00000148a226b800 Exception <a 'java/lang/NoSuchMethodError'{0x00000000c62a2df0}: 'java.lang.Object java.lang.invoke.DelegatingMethodHandle$Holder.reinvoke_L(java.lang.Object, int, int, java.lang.Object, java.lang.Object, java.lang.Object)'> (0x00000000c62a2df0) thrown at [./src/hotspot/share/interpreter/linkResolver.cpp, line 773]
Event: 0.926 Thread 0x00000148a226b800 Exception <a 'java/lang/NoSuchMethodError'{0x00000000c62a7270}: 'java.lang.Object java.lang.invoke.DirectMethodHandle$Holder.invokeStatic(java.lang.Object, java.lang.Object, java.lang.Object, java.lang.Object, int)'> (0x00000000c62a7270) thrown at [./src/hotspot/share/interpreter/linkResolver.cpp, line 773]
Event: 1.246 Thread 0x00000148a226b800 Exception <a 'java/lang/NoSuchMethodError'{0x00000000c5ec76d8}: 'org.slf4j.impl.StaticMDCBinder org.slf4j.impl.StaticMDCBinder.getSingleton()'> (0x00000000c5ec76d8) thrown at [./src/hotspot/share/interpreter/linkResolver.cpp, line 773]
Event: 2.596 Thread 0x00000148bf029800 Implicit null exception at 0x00000148b247e1de to 0x00000148b247ef0c
Event: 2.628 Thread 0x00000148bf029800 Exception <a 'java/lang/NoClassDefFoundError'{0x00000000c5015458}: org/apache/log4j/Priority> (0x00000000c5015458) thrown at [./src/hotspot/share/classfile/systemDictionary.cpp, line 220]
Event: 2.722 Thread 0x00000148bf029800 Exception <a 'java/lang/NoSuchMethodError'{0x00000000c4f1cd60}: 'java.lang.Object java.lang.invoke.DirectMethodHandle$Holder.invokeStaticInit(java.lang.Object, int, int, int, int)'> (0x00000000c4f1cd60) thrown at [./src/hotspot/share/interpreter/linkResolver.cpp, line 773]
Event: 3.011 Thread 0x00000148bf029800 Exception <a 'java/lang/NoSuchMethodError'{0x00000000c6922818}: 'java.lang.Object java.lang.invoke.DirectMethodHandle$Holder.invokeStaticInit(java.lang.Object, java.lang.Object, int, int, int, int)'> (0x00000000c6922818) thrown at [./src/hotspot/share/interpreter/linkResolver.cpp, line 773]
Event: 3.535 Thread 0x00000148bf029800 Exception <a 'sun/nio/fs/WindowsException'{0x00000000c5e824b0}> (0x00000000c5e824b0) thrown at [./src/hotspot/share/prims/jni.cpp, line 615]
Event: 3.537 Thread 0x00000148bf029800 Exception <a 'java/lang/NoSuchMethodError'{0x00000000c5e83d38}: 'int java.lang.invoke.DirectMethodHandle$Holder.invokeSpecialIFC(java.lang.Object, java.lang.Object, int)'> (0x00000000c5e83d38) thrown at [./src/hotspot/share/interpreter/linkResolver.cpp, line 773]
Event: 9.397 Thread 0x00000148bf6e0800 Implicit null exception at 0x00000148b24ab6b7 to 0x00000148b24ab99c

Events (20 events):
Event: 53.866 Executing VM operation: RevokeBias
Event: 53.866 Executing VM operation: RevokeBias done
Event: 53.867 Executing VM operation: RevokeBias
Event: 53.868 Executing VM operation: RevokeBias done
Event: 53.868 Executing VM operation: RevokeBias
Event: 53.868 Executing VM operation: RevokeBias done
Event: 53.868 loading class io/ktor/http/cio/internals/WeakTimeoutQueue$JobTask
Event: 53.868 loading class io/ktor/http/cio/internals/WeakTimeoutQueue$JobTask done
Event: 53.869 loading class io/ktor/http/cio/internals/WeakTimeoutQueue$Cancellable
Event: 53.869 loading class io/ktor/http/cio/internals/WeakTimeoutQueue$Cancellable done
Event: 53.869 loading class io/ktor/http/cio/internals/WeakTimeoutQueue$Registration
Event: 53.869 loading class io/ktor/http/cio/internals/WeakTimeoutQueue$Registration done
Event: 53.871 loading class kotlinx/coroutines/channels/ChannelsKt
Event: 53.871 loading class kotlinx/coroutines/channels/ChannelsKt done
Event: 53.871 Executing VM operation: RevokeBias
Event: 53.871 Executing VM operation: RevokeBias done
Event: 53.890 loading class kotlinx/coroutines/channels/ChannelsKt__Channels_commonKt
Event: 53.890 loading class kotlinx/coroutines/channels/ChannelsKt__Channels_commonKt done
Event: 53.890 Executing VM operation: RevokeBias
Event: 53.891 Executing VM operation: RevokeBias done


Dynamic libraries:
0x00007ff66ae70000 - 0x00007ff66ae7d000 	C:\Program Files\AdoptOpenJDK\jdk-11.0.11.9-hotspot\bin\java.exe
0x00007ff938c70000 - 0x00007ff938e65000 	C:\WINDOWS\SYSTEM32\ntdll.dll
0x00007ff91b9d0000 - 0x00007ff91b9e6000 	C:\Program Files\AVAST Software\Avast\aswhook.dll
0x00007ff938950000 - 0x00007ff938a0d000 	C:\WINDOWS\System32\KERNEL32.DLL
0x00007ff936900000 - 0x00007ff936bcd000 	C:\WINDOWS\System32\KERNELBASE.dll
0x00007ff936380000 - 0x00007ff936480000 	C:\WINDOWS\System32\ucrtbase.dll
0x00007ff91eb50000 - 0x00007ff91eb67000 	C:\Program Files\AdoptOpenJDK\jdk-11.0.11.9-hotspot\bin\jli.dll
0x00007ff937470000 - 0x00007ff937610000 	C:\WINDOWS\System32\USER32.dll
0x00007ff936c90000 - 0x00007ff936cb2000 	C:\WINDOWS\System32\win32u.dll
0x00007ff936cc0000 - 0x00007ff936cea000 	C:\WINDOWS\System32\GDI32.dll
0x00007ff9367f0000 - 0x00007ff9368fb000 	C:\WINDOWS\System32\gdi32full.dll
0x00007ff9364d0000 - 0x00007ff93656d000 	C:\WINDOWS\System32\msvcp_win.dll
0x00007ff90dd00000 - 0x00007ff90df9a000 	C:\WINDOWS\WinSxS\amd64_microsoft.windows.common-controls_6595b64144ccf1df_6.0.19041.1110_none_60b5254171f9507e\COMCTL32.dll
0x00007ff91eb70000 - 0x00007ff91eb85000 	C:\Program Files\AdoptOpenJDK\jdk-11.0.11.9-hotspot\bin\VCRUNTIME140.dll
0x00007ff937610000 - 0x00007ff9376ae000 	C:\WINDOWS\System32\msvcrt.dll
0x00007ff938770000 - 0x00007ff9387a0000 	C:\WINDOWS\System32\IMM32.DLL
0x00007ff90b630000 - 0x00007ff90b6cb000 	C:\Program Files\AdoptOpenJDK\jdk-11.0.11.9-hotspot\bin\msvcp140.dll
0x00007ff8fc800000 - 0x00007ff8fd34b000 	C:\Program Files\AdoptOpenJDK\jdk-11.0.11.9-hotspot\bin\server\jvm.dll
0x00007ff938a10000 - 0x00007ff938abe000 	C:\WINDOWS\System32\ADVAPI32.dll
0x00007ff938ac0000 - 0x00007ff938b5c000 	C:\WINDOWS\System32\sechost.dll
0x00007ff9381c0000 - 0x00007ff9382e5000 	C:\WINDOWS\System32\RPCRT4.dll
0x00007ff937770000 - 0x00007ff937778000 	C:\WINDOWS\System32\PSAPI.DLL
0x00007ff9276d0000 - 0x00007ff9276d9000 	C:\WINDOWS\SYSTEM32\WSOCK32.dll
0x00007ff937f30000 - 0x00007ff937f9b000 	C:\WINDOWS\System32\WS2_32.dll
0x00007ff916ac0000 - 0x00007ff916ae7000 	C:\WINDOWS\SYSTEM32\WINMM.dll
0x00007ff92e6b0000 - 0x00007ff92e6ba000 	C:\WINDOWS\SYSTEM32\VERSION.dll
0x00007ff934c10000 - 0x00007ff934c22000 	C:\WINDOWS\SYSTEM32\kernel.appcore.dll
0x00007ff930a80000 - 0x00007ff930a90000 	C:\Program Files\AdoptOpenJDK\jdk-11.0.11.9-hotspot\bin\verify.dll
0x00007ff934180000 - 0x00007ff934364000 	C:\WINDOWS\SYSTEM32\DBGHELP.DLL
0x00007ff92dc60000 - 0x00007ff92dc8c000 	C:\WINDOWS\SYSTEM32\dbgcore.DLL
0x00007ff936bd0000 - 0x00007ff936c52000 	C:\WINDOWS\System32\bcryptPrimitives.dll
0x00007ff91c6a0000 - 0x00007ff91c6c8000 	C:\Program Files\AdoptOpenJDK\jdk-11.0.11.9-hotspot\bin\java.dll
0x00007ff92e7e0000 - 0x00007ff92e7ea000 	C:\Program Files\AdoptOpenJDK\jdk-11.0.11.9-hotspot\bin\jimage.dll
0x00007ff91e760000 - 0x00007ff91e777000 	C:\Program Files\AdoptOpenJDK\jdk-11.0.11.9-hotspot\bin\zip.dll
0x00007ff9377e0000 - 0x00007ff937f24000 	C:\WINDOWS\System32\SHELL32.dll
0x00007ff934370000 - 0x00007ff934b04000 	C:\WINDOWS\SYSTEM32\windows.storage.dll
0x00007ff937110000 - 0x00007ff937464000 	C:\WINDOWS\System32\combase.dll
0x00007ff935d10000 - 0x00007ff935d3c000 	C:\WINDOWS\SYSTEM32\Wldp.dll
0x00007ff937fa0000 - 0x00007ff93804d000 	C:\WINDOWS\System32\SHCORE.dll
0x00007ff9387a0000 - 0x00007ff9387f5000 	C:\WINDOWS\System32\shlwapi.dll
0x00007ff9362c0000 - 0x00007ff9362df000 	C:\WINDOWS\SYSTEM32\profapi.dll
0x00007ff91c230000 - 0x00007ff91c249000 	C:\Program Files\AdoptOpenJDK\jdk-11.0.11.9-hotspot\bin\net.dll
0x00007ff930070000 - 0x00007ff93017a000 	C:\WINDOWS\SYSTEM32\WINHTTP.dll
0x00007ff935a70000 - 0x00007ff935ada000 	C:\WINDOWS\system32\mswsock.dll
0x00007ff91bfd0000 - 0x00007ff91bfe2000 	C:\Program Files\AdoptOpenJDK\jdk-11.0.11.9-hotspot\bin\nio.dll
0x00007ff935c60000 - 0x00007ff935c78000 	C:\WINDOWS\SYSTEM32\CRYPTSP.dll
0x00007ff9353f0000 - 0x00007ff935424000 	C:\WINDOWS\system32\rsaenh.dll
0x00007ff936c60000 - 0x00007ff936c87000 	C:\WINDOWS\System32\bcrypt.dll
0x00007ff936240000 - 0x00007ff93626e000 	C:\WINDOWS\SYSTEM32\USERENV.dll
0x00007ff935c80000 - 0x00007ff935c8c000 	C:\WINDOWS\SYSTEM32\CRYPTBASE.dll
0x00007ff935760000 - 0x00007ff93579b000 	C:\WINDOWS\SYSTEM32\IPHLPAPI.DLL
0x00007ff938940000 - 0x00007ff938948000 	C:\WINDOWS\System32\NSI.dll
0x00007ff92e610000 - 0x00007ff92e627000 	C:\WINDOWS\SYSTEM32\dhcpcsvc6.DLL
0x00007ff92f3c0000 - 0x00007ff92f3dd000 	C:\WINDOWS\SYSTEM32\dhcpcsvc.DLL
0x00007ff9357a0000 - 0x00007ff93586b000 	C:\WINDOWS\SYSTEM32\DNSAPI.dll
0x00007ff923780000 - 0x00007ff92378e000 	C:\Program Files\AdoptOpenJDK\jdk-11.0.11.9-hotspot\bin\sunmscapi.dll
0x00007ff936620000 - 0x00007ff936776000 	C:\WINDOWS\System32\CRYPT32.dll
0x00007ff935d80000 - 0x00007ff935da7000 	C:\WINDOWS\SYSTEM32\ncrypt.dll
0x00007ff935d40000 - 0x00007ff935d7b000 	C:\WINDOWS\SYSTEM32\NTASN1.dll
0x00007ff916d50000 - 0x00007ff916d75000 	C:\Program Files\AdoptOpenJDK\jdk-11.0.11.9-hotspot\bin\sunec.dll

dbghelp: loaded successfully - version: 4.0.5 - missing functions: none
symbol engine: initialized successfully - sym options: 0x614 - pdb path: .;C:\Program Files\AdoptOpenJDK\jdk-11.0.11.9-hotspot\bin;C:\WINDOWS\SYSTEM32;C:\Program Files\AVAST Software\Avast;C:\WINDOWS\WinSxS\amd64_microsoft.windows.common-controls_6595b64144ccf1df_6.0.19041.1110_none_60b5254171f9507e;C:\Program Files\AdoptOpenJDK\jdk-11.0.11.9-hotspot\bin\server

VM Arguments:
java_command: ./artifacts/app-ibank-build-for-testers.jar
java_class_path (initial): ./artifacts/app-ibank-build-for-testers.jar
Launcher Type: SUN_STANDARD

[Global flags]
     intx CICompilerCount                          = 3                                         {product} {ergonomic}
     uint ConcGCThreads                            = 1                                         {product} {ergonomic}
     uint G1ConcRefinementThreads                  = 4                                         {product} {ergonomic}
   size_t G1HeapRegionSize                         = 1048576                                   {product} {ergonomic}
    uintx GCDrainStackTargetSize                   = 64                                        {product} {ergonomic}
   size_t InitialHeapSize                          = 65011712                                  {product} {ergonomic}
   size_t MarkStackSize                            = 4194304                                   {product} {ergonomic}
   size_t MaxHeapSize                              = 1027604480                                {product} {ergonomic}
   size_t MaxNewSize                               = 616562688                                 {product} {ergonomic}
   size_t MinHeapDeltaBytes                        = 1048576                                   {product} {ergonomic}
    uintx NonNMethodCodeHeapSize                   = 5830732                                {pd product} {ergonomic}
    uintx NonProfiledCodeHeapSize                  = 122913754                              {pd product} {ergonomic}
    uintx ProfiledCodeHeapSize                     = 122913754                              {pd product} {ergonomic}
    uintx ReservedCodeCacheSize                    = 251658240                              {pd product} {ergonomic}
     bool SegmentedCodeCache                       = true                                      {product} {ergonomic}
     bool UseCompressedClassPointers               = true                                 {lp64_product} {ergonomic}
     bool UseCompressedOops                        = true                                 {lp64_product} {ergonomic}
     bool UseG1GC                                  = true                                      {product} {ergonomic}
     bool UseLargePagesIndividualAllocation        = false                                  {pd product} {ergonomic}

Logging:
Log output configuration:
 #0: stdout all=warning uptime,level,tags
 #1: stderr all=off uptime,level,tags

Environment Variables:
PATH=C:\Program Files\AdoptOpenJDK\jdk-11.0.11.9-hotspot\bin;C:\Program Files (x86)\Intel\TXE Components\iCLS\;C:\Program Files\Intel\TXE Components\iCLS\;C:\WINDOWS\system32;C:\WINDOWS;C:\WINDOWS\System32\Wbem;C:\WINDOWS\System32\WindowsPowerShell\v1.0\;C:\Program Files\Intel\TXE Components\DAL\;C:\Program Files (x86)\Intel\TXE Components\DAL\;C:\Program Files\Intel\TXE Components\IPT\;C:\Program Files (x86)\Intel\TXE Components\IPT\;C:\WINDOWS\System32\OpenSSH\;C:\Program Files\Git\cmd;C:\Users\Олеся\AppData\Local\Microsoft\WindowsApps;C:\Users\Олеся\AppData\Local\atom\bin
USERNAME=Олеся
OS=Windows_NT
PROCESSOR_IDENTIFIER=Intel64 Family 6 Model 122 Stepping 1, GenuineIntel



---------------  S Y S T E M  ---------------

OS: Windows 10 , 64 bit Build 19041 (10.0.19041.1706)
OS uptime: 9 days 15:18 hours

CPU:total 4 (initial active 4) (4 cores per cpu, 1 threads per core) family 6 model 122 stepping 1 microcode 0x2e, cmov, cx8, fxsr, mmx, sse, sse2, sse3, ssse3, sse4.1, sse4.2, popcnt, aes, clmul, erms, 3dnowpref, tsc, tscinvbit, sha

Memory: 4k page, system-wide physical 3918M (216M free)
TotalPageFile size 15694M (AvailPageFile size 6M)
current process WorkingSet (physical memory assigned to process): 48M, peak: 99M
current process commit charge ("private bytes"): 170M, peak: 170M

vm_info: OpenJDK 64-Bit Server VM (11.0.11+9) for windows-amd64 JRE (11.0.11+9), built on Apr 20 2021 21:22:09 by "" with MS VC++ 15.9 (VS2017)

END.
